2021-05-20 23:09:20,752 [INFO] Activator:170 - 


2021-05-20 23:09:20,755 [INFO] Activator:171 - !SESSION log4j initialized
2021-05-30 14:19:39,663 [INFO] Activator:170 - 


2021-05-30 14:19:39,666 [INFO] Activator:171 - !SESSION log4j initialized
2021-06-01 22:26:57,011 [INFO] Activator:170 - 


2021-06-01 22:26:57,013 [INFO] Activator:171 - !SESSION log4j initialized
2021-06-03 21:50:17,516 [INFO] Activator:170 - 


2021-06-03 21:50:17,520 [INFO] Activator:171 - !SESSION log4j initialized
2021-06-10 19:46:52,978 [INFO] Activator:170 - 


2021-06-10 19:46:52,981 [INFO] Activator:171 - !SESSION log4j initialized
2021-06-16 22:49:44,517 [INFO] Activator:170 - 


2021-06-16 22:49:44,521 [INFO] Activator:171 - !SESSION log4j initialized
2021-06-18 22:46:37,025 [INFO] Activator:170 - 


2021-06-18 22:46:37,029 [INFO] Activator:171 - !SESSION log4j initialized
2021-06-18 22:47:23,117 [INFO] McuFinderGlobals:39 - Set McuFinder mode to 2 (CubeIDE integrated)
2021-06-18 22:47:23,612 [INFO] ApplicationProperties:181 - Using Application install path: C:\ST\STM32CubeIDE_1.6.0\STM32CubeIDE\plugins\com.st.stm32cube.common.mx_6.2.1.202103241236
2021-06-18 22:47:23,632 [INFO] DbMcusXml:74 - Set database path to: C:\ST\STM32CubeIDE_1.6.0\STM32CubeIDE\plugins\com.st.stm32cube.common.mx_6.2.1.202103241236\\db\/mcu/
2021-06-18 22:47:23,640 [INFO] DbBoardsPdsc:56 - Set plugin database path to: C:\ST\STM32CubeIDE_1.6.0\STM32CubeIDE\plugins\com.st.stm32cube.common.mx_6.2.1.202103241236\\db\/plugins/boardmanager/
2021-06-18 22:47:23,640 [INFO] DbMcus:258 - Set plugin images path to: C:\ST\STM32CubeIDE_1.6.0\STM32CubeIDE\plugins\com.st.stm32cube.common.mx_6.2.1.202103241236\\db\/plugins/mcufinder/images/
2021-06-18 22:47:23,640 [INFO] DbBoards:264 - Set plugin images path to: C:\ST\STM32CubeIDE_1.6.0\STM32CubeIDE\plugins\com.st.stm32cube.common.mx_6.2.1.202103241236\\db\/plugins/mcufinder/images/
2021-06-18 22:47:23,644 [INFO] DbExamples:333 - Set plugin images path to: C:\ST\STM32CubeIDE_1.6.0\STM32CubeIDE\plugins\com.st.stm32cube.common.mx_6.2.1.202103241236\\db\/plugins/mcufinder/images/
2021-06-18 22:47:23,668 [INFO] DbMcusAds:85 - Set database path to: C:\Users\Vitech-UA\.stmcufinder\plugins\mcufinder//mcu/
2021-06-18 22:47:23,670 [INFO] DbMcusDocs:110 - Set database path to: C:\Users\Vitech-UA\.stmcufinder\plugins\mcufinder//mcu/
2021-06-18 22:47:23,674 [INFO] DbMcusJson:65 - Set database path to: C:\Users\Vitech-UA\.stmcufinder\plugins\mcufinder//mcu/
2021-06-18 22:47:23,675 [INFO] DbBoardsDocs:110 - Set database path to: C:\Users\Vitech-UA\.stmcufinder\plugins\mcufinder//mcu/
2021-06-18 22:47:23,678 [INFO] DbBoardsJson:58 - Set database path to: C:\Users\Vitech-UA\.stmcufinder\plugins\mcufinder//mcu/
2021-06-18 22:47:23,691 [INFO] CrossReferenceDbSqlite:196 - Set database path to: C:\Users\Vitech-UA\.stmcufinder\plugins\mcufinder//mcu/cs/
2021-06-18 22:47:23,695 [INFO] DbExamplesSqlite:690 - Set database path to: C:\Users\Vitech-UA\.stmcufinder\plugins\mcufinder//mcu/
2021-06-18 22:47:23,855 [INFO] RulesReader:52 - Compatibility file has been processed (237 Rules)
2021-06-18 22:47:23,990 [INFO] MicroXplorer:622 - Detected Java Version = 11.0.9.1
2021-06-18 22:47:23,991 [INFO] DbMcusXml:74 - Set database path to: C:\ST\STM32CubeIDE_1.6.0\STM32CubeIDE\plugins\com.st.stm32cube.common.mx_6.2.1.202103241236\\db\/mcu/
2021-06-18 22:47:23,992 [INFO] DbBoardsPdsc:56 - Set plugin database path to: C:\ST\STM32CubeIDE_1.6.0\STM32CubeIDE\plugins\com.st.stm32cube.common.mx_6.2.1.202103241236\\db\/plugins/boardmanager/
2021-06-18 22:47:23,992 [INFO] DbMcus:258 - Set plugin images path to: C:\ST\STM32CubeIDE_1.6.0\STM32CubeIDE\plugins\com.st.stm32cube.common.mx_6.2.1.202103241236\\db\/plugins/mcufinder/images/
2021-06-18 22:47:23,992 [INFO] DbBoards:264 - Set plugin images path to: C:\ST\STM32CubeIDE_1.6.0\STM32CubeIDE\plugins\com.st.stm32cube.common.mx_6.2.1.202103241236\\db\/plugins/mcufinder/images/
2021-06-18 22:47:23,992 [INFO] DbExamples:333 - Set plugin images path to: C:\ST\STM32CubeIDE_1.6.0\STM32CubeIDE\plugins\com.st.stm32cube.common.mx_6.2.1.202103241236\\db\/plugins/mcufinder/images/
2021-06-18 22:47:23,992 [WARN] DbFile:35 - Overriding database path with different value: C:\Users\Vitech-UA\.stmcufinder\plugins\mcufinder/ => C:\Users\Vitech-UA\.stmcufinder\plugins\mcufinder
2021-06-18 22:47:23,993 [INFO] DbMcusAds:85 - Set database path to: C:\Users\Vitech-UA\.stmcufinder\plugins\mcufinder//mcu/
2021-06-18 22:47:23,993 [WARN] DbFile:35 - Overriding database path with different value: C:\Users\Vitech-UA\.stmcufinder\plugins\mcufinder/ => C:\Users\Vitech-UA\.stmcufinder\plugins\mcufinder
2021-06-18 22:47:23,993 [INFO] DbMcusDocs:110 - Set database path to: C:\Users\Vitech-UA\.stmcufinder\plugins\mcufinder//mcu/
2021-06-18 22:47:23,993 [WARN] DbFile:35 - Overriding database path with different value: C:\Users\Vitech-UA\.stmcufinder\plugins\mcufinder/ => C:\Users\Vitech-UA\.stmcufinder\plugins\mcufinder
2021-06-18 22:47:23,994 [INFO] DbMcusJson:65 - Set database path to: C:\Users\Vitech-UA\.stmcufinder\plugins\mcufinder//mcu/
2021-06-18 22:47:23,994 [WARN] DbFile:35 - Overriding database path with different value: C:\Users\Vitech-UA\.stmcufinder\plugins\mcufinder/ => C:\Users\Vitech-UA\.stmcufinder\plugins\mcufinder
2021-06-18 22:47:23,994 [INFO] DbBoardsDocs:110 - Set database path to: C:\Users\Vitech-UA\.stmcufinder\plugins\mcufinder//mcu/
2021-06-18 22:47:23,994 [WARN] DbFile:35 - Overriding database path with different value: C:\Users\Vitech-UA\.stmcufinder\plugins\mcufinder/ => C:\Users\Vitech-UA\.stmcufinder\plugins\mcufinder
2021-06-18 22:47:23,994 [INFO] DbBoardsJson:58 - Set database path to: C:\Users\Vitech-UA\.stmcufinder\plugins\mcufinder//mcu/
2021-06-18 22:47:23,994 [WARN] DbFile:35 - Overriding database path with different value: C:\Users\Vitech-UA\.stmcufinder\plugins\mcufinder/ => C:\Users\Vitech-UA\.stmcufinder\plugins\mcufinder
2021-06-18 22:47:23,994 [WARN] DbFile:35 - Overriding database path with different value: C:\Users\Vitech-UA\.stmcufinder\plugins\mcufinder/ => C:\Users\Vitech-UA\.stmcufinder\plugins\mcufinder
2021-06-18 22:47:23,995 [INFO] CrossReferenceDbSqlite:196 - Set database path to: C:\Users\Vitech-UA\.stmcufinder\plugins\mcufinder//mcu/cs/
2021-06-18 22:47:23,995 [WARN] DbFile:35 - Overriding database path with different value: C:\Users\Vitech-UA\.stmcufinder\plugins\mcufinder/ => C:\Users\Vitech-UA\.stmcufinder\plugins\mcufinder
2021-06-18 22:47:23,995 [INFO] DbExamplesSqlite:690 - Set database path to: C:\Users\Vitech-UA\.stmcufinder\plugins\mcufinder//mcu/
2021-06-18 22:47:24,109 [INFO] MainPanel:204 - HeapMemory: 354418688
2021-06-18 22:47:24,233 [INFO] DbMcusXml:74 - Set database path to: C:\ST\STM32CubeIDE_1.6.0\STM32CubeIDE\plugins\com.st.stm32cube.common.mx_6.2.1.202103241236\\db\/mcu/
2021-06-18 22:47:24,233 [INFO] DbBoardsPdsc:56 - Set plugin database path to: C:\ST\STM32CubeIDE_1.6.0\STM32CubeIDE\plugins\com.st.stm32cube.common.mx_6.2.1.202103241236\\db\/plugins/boardmanager/
2021-06-18 22:47:24,233 [INFO] DbMcus:258 - Set plugin images path to: C:\ST\STM32CubeIDE_1.6.0\STM32CubeIDE\plugins\com.st.stm32cube.common.mx_6.2.1.202103241236\\db\/plugins/mcufinder/images/
2021-06-18 22:47:24,233 [INFO] DbBoards:264 - Set plugin images path to: C:\ST\STM32CubeIDE_1.6.0\STM32CubeIDE\plugins\com.st.stm32cube.common.mx_6.2.1.202103241236\\db\/plugins/mcufinder/images/
2021-06-18 22:47:24,233 [INFO] DbExamples:333 - Set plugin images path to: C:\ST\STM32CubeIDE_1.6.0\STM32CubeIDE\plugins\com.st.stm32cube.common.mx_6.2.1.202103241236\\db\/plugins/mcufinder/images/
2021-06-18 22:47:24,234 [WARN] DbFile:35 - Overriding database path with different value: C:\Users\Vitech-UA\.stmcufinder\plugins\mcufinder/ => C:\Users\Vitech-UA\.stmcufinder\plugins\mcufinder
2021-06-18 22:47:24,234 [INFO] DbMcusAds:85 - Set database path to: C:\Users\Vitech-UA\.stmcufinder\plugins\mcufinder//mcu/
2021-06-18 22:47:24,234 [WARN] DbFile:35 - Overriding database path with different value: C:\Users\Vitech-UA\.stmcufinder\plugins\mcufinder/ => C:\Users\Vitech-UA\.stmcufinder\plugins\mcufinder
2021-06-18 22:47:24,234 [INFO] DbMcusDocs:110 - Set database path to: C:\Users\Vitech-UA\.stmcufinder\plugins\mcufinder//mcu/
2021-06-18 22:47:24,234 [WARN] DbFile:35 - Overriding database path with different value: C:\Users\Vitech-UA\.stmcufinder\plugins\mcufinder/ => C:\Users\Vitech-UA\.stmcufinder\plugins\mcufinder
2021-06-18 22:47:24,234 [INFO] DbMcusJson:65 - Set database path to: C:\Users\Vitech-UA\.stmcufinder\plugins\mcufinder//mcu/
2021-06-18 22:47:24,234 [WARN] DbFile:35 - Overriding database path with different value: C:\Users\Vitech-UA\.stmcufinder\plugins\mcufinder/ => C:\Users\Vitech-UA\.stmcufinder\plugins\mcufinder
2021-06-18 22:47:24,235 [INFO] DbBoardsDocs:110 - Set database path to: C:\Users\Vitech-UA\.stmcufinder\plugins\mcufinder//mcu/
2021-06-18 22:47:24,235 [WARN] DbFile:35 - Overriding database path with different value: C:\Users\Vitech-UA\.stmcufinder\plugins\mcufinder/ => C:\Users\Vitech-UA\.stmcufinder\plugins\mcufinder
2021-06-18 22:47:24,235 [INFO] DbBoardsJson:58 - Set database path to: C:\Users\Vitech-UA\.stmcufinder\plugins\mcufinder//mcu/
2021-06-18 22:47:24,235 [WARN] DbFile:35 - Overriding database path with different value: C:\Users\Vitech-UA\.stmcufinder\plugins\mcufinder/ => C:\Users\Vitech-UA\.stmcufinder\plugins\mcufinder
2021-06-18 22:47:24,235 [WARN] DbFile:35 - Overriding database path with different value: C:\Users\Vitech-UA\.stmcufinder\plugins\mcufinder/ => C:\Users\Vitech-UA\.stmcufinder\plugins\mcufinder
2021-06-18 22:47:24,235 [INFO] CrossReferenceDbSqlite:196 - Set database path to: C:\Users\Vitech-UA\.stmcufinder\plugins\mcufinder//mcu/cs/
2021-06-18 22:47:24,235 [WARN] DbFile:35 - Overriding database path with different value: C:\Users\Vitech-UA\.stmcufinder\plugins\mcufinder/ => C:\Users\Vitech-UA\.stmcufinder\plugins\mcufinder
2021-06-18 22:47:24,235 [INFO] DbExamplesSqlite:690 - Set database path to: C:\Users\Vitech-UA\.stmcufinder\plugins\mcufinder//mcu/
2021-06-18 22:47:24,261 [INFO] ApplicationProperties:181 - Using Application install path: C:\ST\STM32CubeIDE_1.6.0\STM32CubeIDE\plugins\com.st.stm32cube.common.mx_6.2.1.202103241236
2021-06-18 22:47:24,262 [INFO] PluginManage:178 - Search for loadable plugins [exclusion list=, ]
2021-06-18 22:47:24,264 [INFO] PluginManage:292 - Check plugin analytics
2021-06-18 22:47:24,506 [INFO] AnalyticsPlugin:233 - Accepted Software Licenses: 
2021-06-18 22:47:24,507 [INFO] AnalyticsPlugin:235 - Accepted CMSIS Pack Licenses: 
2021-06-18 22:47:24,507 [INFO] AnalyticsPlugin:237 - Accepted Firmware Licenses: 
2021-06-18 22:47:24,507 [INFO] PluginManage:342 - Loaded plugin analytics (category:tool,tabindex:-1)
2021-06-18 22:47:24,508 [INFO] PluginManage:292 - Check plugin clock
2021-06-18 22:47:24,547 [INFO] PluginManage:342 - Loaded plugin clock (category:base,tabindex:2)
2021-06-18 22:47:24,547 [INFO] PluginManage:292 - Check plugin ddr
2021-06-18 22:47:24,553 [INFO] PluginManage:342 - Loaded plugin ddr (category:tool,tabindex:6)
2021-06-18 22:47:24,553 [INFO] PluginManage:292 - Check plugin filemanager
2021-06-18 22:47:24,772 [INFO] PluginManage:342 - Loaded plugin filemanager (category:base,tabindex:10)
2021-06-18 22:47:24,772 [INFO] PluginManage:292 - Check plugin ipmanager
2021-06-18 22:47:24,784 [INFO] PluginManage:342 - Loaded plugin ipmanager (category:base,tabindex:5)
2021-06-18 22:47:24,784 [INFO] PluginManage:292 - Check plugin pinoutandconfiguration
2021-06-18 22:47:24,810 [INFO] PluginManage:342 - Loaded plugin pinoutandconfiguration (category:base,tabindex:1)
2021-06-18 22:47:24,810 [INFO] PluginManage:292 - Check plugin pinoutconfig
2021-06-18 22:47:24,848 [INFO] PluginManage:342 - Loaded plugin pinoutconfig (category:base,tabindex:0)
2021-06-18 22:47:24,848 [INFO] PluginManage:292 - Check plugin power
2021-06-18 22:47:24,879 [INFO] PluginManage:342 - Loaded plugin power (category:power,tabindex:4)
2021-06-18 22:47:24,879 [INFO] PluginManage:292 - Check plugin projectmanager
2021-06-18 22:47:24,903 [INFO] PluginManage:342 - Loaded plugin projectmanager (category:projectmanager,tabindex:3)
2021-06-18 22:47:24,903 [INFO] PluginManage:292 - Check plugin thirdparty
2021-06-18 22:47:25,212 [INFO] PluginManage:342 - Loaded plugin thirdparty (category:base,tabindex:-1)
2021-06-18 22:47:25,212 [INFO] PluginManage:292 - Check plugin tools
2021-06-18 22:47:25,212 [WARN] IntegrityCheckThread:59 - waiting for thirdparty lock release [integrity check]
2021-06-18 22:47:25,213 [INFO] IntegrityCheckThread:61 - entering critical section [integrity check]
2021-06-18 22:47:25,213 [INFO] ThirdPartyUpdaterWithRetryManager:56 - Updater plugin not ready yet. [1/15]
2021-06-18 22:47:25,271 [INFO] PluginManage:342 - Loaded plugin tools (category:base,tabindex:7)
2021-06-18 22:47:25,271 [INFO] PluginManage:292 - Check plugin tutovideos
2021-06-18 22:47:25,594 [INFO] PluginManage:342 - Loaded plugin tutovideos (category:base,tabindex:-1)
2021-06-18 22:47:25,595 [INFO] PluginManage:292 - Check plugin updater
2021-06-18 22:47:25,613 [INFO] PluginManage:342 - Loaded plugin updater (category:base,tabindex:12)
2021-06-18 22:47:25,614 [INFO] PluginManage:265 - PluginManage : Loaded plugins [13]
2021-06-18 22:47:25,842 [INFO] PinOutPanel:1435 - setPackage(No Configuration,No Configuration)
2021-06-18 22:47:25,975 [INFO] IPUIPlugin:64 - create IPUIPlugin
2021-06-18 22:47:25,975 [INFO] PluginManager:203 - loadIPPluginJar : add adc
2021-06-18 22:47:26,011 [INFO] IPUIPlugin:64 - create IPUIPlugin
2021-06-18 22:47:26,011 [INFO] PluginManager:203 - loadIPPluginJar : add aes
2021-06-18 22:47:26,056 [INFO] IPUIPlugin:64 - create IPUIPlugin
2021-06-18 22:47:26,056 [INFO] PluginManager:203 - loadIPPluginJar : add can
2021-06-18 22:47:26,086 [INFO] IPUIPlugin:64 - create IPUIPlugin
2021-06-18 22:47:26,086 [INFO] PluginManager:203 - loadIPPluginJar : add comp
2021-06-18 22:47:26,126 [INFO] IPUIPlugin:64 - create IPUIPlugin
2021-06-18 22:47:26,126 [INFO] PluginManager:203 - loadIPPluginJar : add cryp
2021-06-18 22:47:26,162 [INFO] IPUIPlugin:64 - create IPUIPlugin
2021-06-18 22:47:26,162 [INFO] PluginManager:203 - loadIPPluginJar : add dfsdm
2021-06-18 22:47:26,179 [INFO] IPUIPlugin:64 - create IPUIPlugin
2021-06-18 22:47:26,179 [INFO] PluginManager:203 - loadIPPluginJar : add dma
2021-06-18 22:47:26,207 [INFO] IPUIPlugin:64 - create IPUIPlugin
2021-06-18 22:47:26,207 [INFO] PluginManager:203 - loadIPPluginJar : add fatfs
2021-06-18 22:47:26,264 [INFO] IPUIPlugin:64 - create IPUIPlugin
2021-06-18 22:47:26,264 [INFO] PluginManager:203 - loadIPPluginJar : add fmc
2021-06-18 22:47:26,281 [INFO] IPUIPlugin:64 - create IPUIPlugin
2021-06-18 22:47:26,281 [INFO] PluginManager:203 - loadIPPluginJar : add freertos
2021-06-18 22:47:26,309 [INFO] IPUIPlugin:64 - create IPUIPlugin
2021-06-18 22:47:26,309 [INFO] PluginManager:203 - loadIPPluginJar : add genericplugin
2021-06-18 22:47:26,402 [INFO] IPUIPlugin:64 - create IPUIPlugin
2021-06-18 22:47:26,402 [INFO] PluginManager:203 - loadIPPluginJar : add gfxmmu
2021-06-18 22:47:26,537 [INFO] IPUIPlugin:64 - create IPUIPlugin
2021-06-18 22:47:26,538 [INFO] PluginManager:203 - loadIPPluginJar : add gic
2021-06-18 22:47:26,555 [INFO] IPUIPlugin:64 - create IPUIPlugin
2021-06-18 22:47:26,555 [INFO] PluginManager:203 - loadIPPluginJar : add gpio
2021-06-18 22:47:26,628 [INFO] IPUIPlugin:64 - create IPUIPlugin
2021-06-18 22:47:26,628 [INFO] PluginManager:203 - loadIPPluginJar : add gtzc
2021-06-18 22:47:26,662 [INFO] IPUIPlugin:64 - create IPUIPlugin
2021-06-18 22:47:26,662 [INFO] PluginManager:203 - loadIPPluginJar : add hash
2021-06-18 22:47:26,722 [INFO] IPUIPlugin:64 - create IPUIPlugin
2021-06-18 22:47:26,722 [INFO] PluginManager:203 - loadIPPluginJar : add i2c
2021-06-18 22:47:26,767 [INFO] IPUIPlugin:64 - create IPUIPlugin
2021-06-18 22:47:26,768 [INFO] PluginManager:203 - loadIPPluginJar : add i2s
2021-06-18 22:47:26,782 [INFO] IPUIPlugin:64 - create IPUIPlugin
2021-06-18 22:47:26,782 [INFO] PluginManager:203 - loadIPPluginJar : add ipddr
2021-06-18 22:47:26,823 [INFO] IPUIPlugin:64 - create IPUIPlugin
2021-06-18 22:47:26,823 [INFO] PluginManager:203 - loadIPPluginJar : add lorawan
2021-06-18 22:47:26,863 [INFO] IPUIPlugin:64 - create IPUIPlugin
2021-06-18 22:47:26,864 [INFO] PluginManager:203 - loadIPPluginJar : add ltdc
2021-06-18 22:47:26,878 [INFO] IPUIPlugin:64 - create IPUIPlugin
2021-06-18 22:47:26,878 [INFO] PluginManager:203 - loadIPPluginJar : add mdma
2021-06-18 22:47:26,894 [INFO] IPUIPlugin:64 - create IPUIPlugin
2021-06-18 22:47:26,894 [INFO] PluginManager:203 - loadIPPluginJar : add nvic
2021-06-18 22:47:26,935 [INFO] IPUIPlugin:64 - create IPUIPlugin
2021-06-18 22:47:26,936 [INFO] PluginManager:203 - loadIPPluginJar : add opamp
2021-06-18 22:47:27,002 [INFO] IPUIPlugin:64 - create IPUIPlugin
2021-06-18 22:47:27,003 [INFO] PluginManager:203 - loadIPPluginJar : add openamp
2021-06-18 22:47:27,048 [INFO] IPUIPlugin:64 - create IPUIPlugin
2021-06-18 22:47:27,049 [INFO] PluginManager:203 - loadIPPluginJar : add pdm2pcm
2021-06-18 22:47:27,065 [INFO] IPUIPlugin:64 - create IPUIPlugin
2021-06-18 22:47:27,069 [INFO] PluginManager:203 - loadIPPluginJar : add plateformsettings
2021-06-18 22:47:27,097 [INFO] IPUIPlugin:64 - create IPUIPlugin
2021-06-18 22:47:27,097 [INFO] PluginManager:203 - loadIPPluginJar : add quadspi
2021-06-18 22:47:27,110 [INFO] IPUIPlugin:64 - create IPUIPlugin
2021-06-18 22:47:27,111 [INFO] PluginManager:203 - loadIPPluginJar : add resmgrutility
2021-06-18 22:47:27,173 [INFO] IPUIPlugin:64 - create IPUIPlugin
2021-06-18 22:47:27,173 [INFO] PluginManager:203 - loadIPPluginJar : add sai
2021-06-18 22:47:27,219 [INFO] IPUIPlugin:64 - create IPUIPlugin
2021-06-18 22:47:27,219 [INFO] PluginManager:203 - loadIPPluginJar : add spi
2021-06-18 22:47:27,277 [INFO] IPUIPlugin:64 - create IPUIPlugin
2021-06-18 22:47:27,277 [INFO] PluginManager:203 - loadIPPluginJar : add stm32_wpan
2021-06-18 22:47:27,308 [INFO] IPUIPlugin:64 - create IPUIPlugin
2021-06-18 22:47:27,309 [INFO] PluginManager:203 - loadIPPluginJar : add tim
2021-06-18 22:47:27,378 [INFO] IPUIPlugin:64 - create IPUIPlugin
2021-06-18 22:47:27,378 [INFO] PluginManager:203 - loadIPPluginJar : add touchsensing
2021-06-18 22:47:27,406 [INFO] IPUIPlugin:64 - create IPUIPlugin
2021-06-18 22:47:27,407 [INFO] PluginManager:203 - loadIPPluginJar : add tracer_emb
2021-06-18 22:47:27,436 [INFO] IPUIPlugin:64 - create IPUIPlugin
2021-06-18 22:47:27,437 [INFO] PluginManager:203 - loadIPPluginJar : add ts
2021-06-18 22:47:27,465 [INFO] IPUIPlugin:64 - create IPUIPlugin
2021-06-18 22:47:27,465 [INFO] PluginManager:203 - loadIPPluginJar : add tsc
2021-06-18 22:47:27,498 [INFO] IPUIPlugin:64 - create IPUIPlugin
2021-06-18 22:47:27,498 [INFO] PluginManager:203 - loadIPPluginJar : add ucpd
2021-06-18 22:47:27,547 [INFO] IPUIPlugin:64 - create IPUIPlugin
2021-06-18 22:47:27,547 [INFO] PluginManager:203 - loadIPPluginJar : add usart
2021-06-18 22:47:27,961 [FATAL] Updater:284 - Updater called before beeing initialized
2021-06-18 22:47:28,127 [FATAL] Updater:284 - Updater called before beeing initialized
2021-06-18 22:47:28,143 [INFO] DbMcusAds:132 - JSON generation date=Tue May 11 18:32:49 EEST 2021 (1620747169707)
2021-06-18 22:47:28,143 [FATAL] Updater:284 - Updater called before beeing initialized
2021-06-18 22:47:28,207 [WARN] DetailPanel:315 - Failed to get advertising image, set to default
2021-06-18 22:47:28,225 [INFO] ThirdPartyUpdaterWithRetryManager:56 - Updater plugin not ready yet. [2/15]
2021-06-18 22:47:28,525 [FATAL] Updater:284 - Updater called before beeing initialized
2021-06-18 22:47:28,529 [FATAL] Updater:284 - Updater called before beeing initialized
2021-06-18 22:47:28,530 [FATAL] Updater:284 - Updater called before beeing initialized
2021-06-18 22:47:28,530 [WARN] DetailPanel:315 - Failed to get advertising image, set to default
2021-06-18 22:47:28,531 [FATAL] Updater:284 - Updater called before beeing initialized
2021-06-18 22:47:28,601 [FATAL] Updater:284 - Updater called before beeing initialized
2021-06-18 22:47:28,601 [WARN] ThirdParty:796 - waiting for thirdparty lock release [close project]
2021-06-18 22:47:31,235 [FATAL] Updater:284 - Updater called before beeing initialized
2021-06-18 22:47:31,236 [ERROR] AbstractThirdPartyUpdaterManager:153 - class java.lang.Integer cannot be cast to class java.util.List (java.lang.Integer and java.util.List are in module java.base of loader 'bootstrap')
2021-06-18 22:47:31,236 [INFO] ThirdParty:900 - Integrity check success = false
2021-06-18 22:47:31,236 [INFO] IntegrityCheckThread:75 - exiting critical section [integrity check]
2021-06-18 22:47:31,236 [INFO] IntegrityCheckThread:78 - End integrity checks thread
2021-06-18 22:47:31,236 [INFO] ThirdParty:798 - entering critical section [close project]
2021-06-18 22:47:31,237 [INFO] ThirdParty:809 - exiting critical section [close project]
2021-06-18 22:47:31,241 [INFO] PinOutPanel:1435 - setPackage(No Configuration,No Configuration)
2021-06-18 22:47:31,242 [FATAL] Updater:284 - Updater called before beeing initialized
2021-06-18 22:47:31,257 [ERROR] Updater:1065 - MainUpdater not yet initialized. External WinMGr cannot be set.
2021-06-18 22:47:31,268 [INFO] Updater:1002 - Updater Version found : 6.2.1
2021-06-18 22:47:31,301 [INFO] ApplicationProperties:181 - Using Application install path: C:\ST\STM32CubeIDE_1.6.0\STM32CubeIDE\plugins\com.st.stm32cube.common.mx_6.2.1.202103241236
2021-06-18 22:47:31,799 [INFO] MainUpdater:2661 - connection check result : 10
2021-06-18 22:47:31,800 [INFO] MainUpdater:3349 - Updater definition file requires update
2021-06-18 22:47:31,801 [INFO] MainUpdater:255 - Updater Check For Update Now.
2021-06-18 22:47:31,802 [INFO] MicroXplorer:472 - Change Database Version : DB.6.0.21
2021-06-18 22:47:31,832 [INFO] ServerAccessManage:348 - Download File updaters.zip
2021-06-18 22:47:32,151 [INFO] FileExtend:225 - Unzip File : updaters.zip
2021-06-18 22:47:32,151 [INFO] FileExtend:240 - Standard Zip Deflate
2021-06-18 22:47:32,873 [INFO] ServerAccessManage:348 - Download File PacksControlFlags.xml
2021-06-18 22:47:32,951 [INFO] ServerAccessManage:348 - Download File cubemx.pidx
2021-06-18 22:47:33,107 [INFO] LoadServerUpdatesThread:329 - End of LoadServerUpdate Thread
2021-06-18 22:47:33,201 [INFO] CheckServerUpdateThread:102 - End of CheckServer Thread
2021-06-18 22:47:33,264 [INFO] MainUpdater:2661 - connection check result : 10
2021-06-18 22:47:33,420 [INFO] ServerAccessManage:348 - Download File ad.zip
2021-06-18 22:47:33,529 [INFO] FileExtend:225 - Unzip File : ad.zip
2021-06-18 22:47:33,529 [INFO] FileExtend:240 - Standard Zip Deflate
2021-06-18 22:47:33,576 [INFO] LoadUrlFilesThread:135 - End of LoadUrlFiles Thread
2021-06-18 22:47:33,764 [INFO] ServerAccessManage:348 - Download File mcusAds.json._tmp_
2021-06-18 22:47:33,764 [INFO] LoadUrlFilesThread:135 - End of LoadUrlFiles Thread
2021-06-18 22:47:33,967 [INFO] ServerAccessManage:348 - Download File mcusDocs.json._tmp_
2021-06-18 22:47:34,045 [INFO] LoadUrlFilesThread:135 - End of LoadUrlFiles Thread
2021-06-18 22:47:34,123 [INFO] ServerAccessManage:348 - Download File mcusFeaturesAndDescription.json._tmp_
2021-06-18 22:47:35,810 [INFO] LoadUrlFilesThread:135 - End of LoadUrlFiles Thread
2021-06-18 22:47:35,872 [INFO] ServerAccessManage:348 - Download File boardsDocs.json._tmp_
2021-06-18 22:47:36,013 [INFO] LoadUrlFilesThread:135 - End of LoadUrlFiles Thread
2021-06-18 22:47:36,076 [INFO] ServerAccessManage:348 - Download File boards.json._tmp_
2021-06-18 22:47:36,169 [INFO] LoadUrlFilesThread:135 - End of LoadUrlFiles Thread
2021-06-18 22:47:36,247 [INFO] ServerAccessManage:348 - Download File cube-finder-db.zip
2021-06-18 22:47:40,137 [INFO] FileExtend:225 - Unzip File : cube-finder-db.zip
2021-06-18 22:47:40,137 [INFO] FileExtend:240 - Standard Zip Deflate
2021-06-18 22:47:40,528 [INFO] LoadUrlFilesThread:135 - End of LoadUrlFiles Thread
2021-06-18 22:47:40,918 [INFO] ServerAccessManage:348 - Download File crdb.zip
2021-06-18 22:47:41,277 [INFO] FileExtend:225 - Unzip File : crdb.zip
2021-06-18 22:47:41,277 [INFO] FileExtend:240 - Standard Zip Deflate
2021-06-18 22:47:41,309 [INFO] LoadUrlFilesThread:135 - End of LoadUrlFiles Thread
2021-06-18 22:47:41,387 [INFO] ServerAccessManage:348 - Download File tutoVideoDB.zip
2021-06-18 22:47:41,418 [INFO] FileExtend:225 - Unzip File : tutoVideoDB.zip
2021-06-18 22:47:41,418 [INFO] FileExtend:240 - Standard Zip Deflate
2021-06-18 22:47:41,418 [INFO] LoadUrlFilesThread:135 - End of LoadUrlFiles Thread
2021-06-18 22:47:41,434 [INFO] DbMcusAds:132 - JSON generation date=Tue May 11 18:32:49 EEST 2021 (1620747169502)
2021-06-18 22:47:41,449 [INFO] DbMcusDocs:143 - JSON generation date=Mon Jun 07 11:53:21 EEST 2021 (1623056001)
2021-06-18 22:47:41,465 [INFO] DbMcusXml:100 - Load MCU database from C:\ST\STM32CubeIDE_1.6.0\STM32CubeIDE\plugins\com.st.stm32cube.common.mx_6.2.1.202103241236\\db\/mcu/families.xml
2021-06-18 22:47:42,496 [INFO] DbMcusJson:94 - JSON generation date=Mon Jun 07 11:53:21 EEST 2021 (1623056001)
2021-06-18 22:47:43,339 [INFO] DbMcus:175 - Found 1906 MCUs (1866 are supported by CubeMX, 1866 are visible in CubeMX)
2021-06-18 22:47:43,355 [INFO] ApiDb:251 - Load user favorites file C:\Users\Vitech-UA/.stm32cubeide/favorites.mcus.txt: 0 item(s)
2021-06-18 22:47:43,355 [INFO] ApiDb:255 - User favorites MCUs=[]
2021-06-18 22:47:43,355 [INFO] DbMcus:187 - Set 0 / 0 favorites MCUs
2021-06-18 22:47:43,902 [INFO] DbMcusDocs:79 - Found 669 MCUs documents
2021-06-18 22:47:43,902 [INFO] ApiDb:276 - Save user favorites file C:\Users\Vitech-UA/.stm32cubeide/favorites.mcus.txt: 0 item(s)
2021-06-18 22:47:43,902 [INFO] ApiDb:280 - User favorites MCUs=[]
2021-06-18 22:47:43,902 [INFO] DbMcusXml:100 - Load MCU database from C:\ST\STM32CubeIDE_1.6.0\STM32CubeIDE\plugins\com.st.stm32cube.common.mx_6.2.1.202103241236\\db\/mcu/families.xml
2021-06-18 22:47:44,820 [INFO] DbMcusJson:94 - JSON generation date=Mon Jun 07 11:53:21 EEST 2021 (1623056001)
2021-06-18 22:47:45,476 [INFO] DbMcus:175 - Found 1906 MCUs (1866 are supported by CubeMX, 1866 are visible in CubeMX)
2021-06-18 22:47:45,476 [INFO] ApiDb:251 - Load user favorites file C:\Users\Vitech-UA/.stm32cubeide/favorites.mcus.txt: 0 item(s)
2021-06-18 22:47:45,476 [INFO] ApiDb:255 - User favorites MCUs=[]
2021-06-18 22:47:45,476 [INFO] DbMcus:187 - Set 0 / 0 favorites MCUs
2021-06-18 22:47:45,507 [INFO] DbBoardsDocs:143 - JSON generation date=Tue Jun 01 08:52:40 EEST 2021 (1622526760)
2021-06-18 22:47:45,523 [INFO] DbBoardsPdsc:90 - Found 24 items
2021-06-18 22:47:45,539 [INFO] DbBoardsPdsc:90 - Found 9 items
2021-06-18 22:47:45,554 [INFO] DbBoardsPdsc:90 - Found 33 items
2021-06-18 22:47:45,554 [INFO] DbBoardsPdsc:90 - Found 1 items
2021-06-18 22:47:45,570 [INFO] DbBoardsPdsc:90 - Found 46 items
2021-06-18 22:47:45,586 [INFO] DbBoardsPdsc:90 - Found 41 items
2021-06-18 22:47:45,601 [INFO] DbBoardsPdsc:90 - Found 2 items
2021-06-18 22:47:45,617 [INFO] DbBoardsPdsc:90 - Found 5 items
2021-06-18 22:47:45,617 [WARN] DbBoardsPdsc:254 - Board NUCLEO-WB15CC: unknown feature type=, name=, username=Three user LEDs, n=1
2021-06-18 22:47:45,617 [WARN] DbBoardsPdsc:254 - Board NUCLEO-WB15CC: unknown feature type=, name=, username=One reset and three user push-buttons, n=1
2021-06-18 22:47:45,617 [WARN] DbBoardsPdsc:254 - Board NUCLEO-WB15CC: unknown feature type=, name=, username=Arduino Uno V3 expansion connector, n=1
2021-06-18 22:47:45,617 [WARN] DbBoardsPdsc:254 - Board NUCLEO-WB15CC: unknown feature type=, name=, username=ST morpho extension pin headers for full access to all STM32WB I/Os, n=1
2021-06-18 22:47:45,617 [WARN] DbBoardsPdsc:254 - Board NUCLEO-WB15CC: unknown feature type=, name=, username=Integrated PCB antenna and SMA connector footprint, n=1
2021-06-18 22:47:45,617 [WARN] DbBoardsPdsc:254 - Board NUCLEO-WB15CC: unknown feature type=, name=, username=Flexible power-supply options: ST-LINK, USB VBUS, or external sources, n=1
2021-06-18 22:47:45,617 [WARN] DbBoardsPdsc:254 - Board NUCLEO-WB15CC: unknown feature type=, name=, username=On-board footprint to mount a CR2032 battery socket, n=1
2021-06-18 22:47:45,617 [WARN] DbBoardsPdsc:254 - Board NUCLEO-WB15CC: unknown feature type=, name=, username=On-board ST-LINK/V2-1 debugger/programmer with USB re-enumeration capability: mass storage, Virtual COM port, and debug port, n=1
2021-06-18 22:47:45,617 [WARN] DbBoardsPdsc:254 - Board NUCLEO-WB15CC: unknown feature type=, name=, username=Comprehensive free software libraries and examples available with the STM32CubeWB MCU Package, n=1
2021-06-18 22:47:45,617 [WARN] DbBoardsPdsc:254 - Board NUCLEO-WB15CC: unknown feature type=, name=, username=Support of a wide choice of Integrated Development Environments (IDEs) including IAR Embedded Workbench, MDK-ARM, STM32CubeIDE, and Mbed Studio, n=1
2021-06-18 22:47:45,617 [WARN] DbBoardsPdsc:254 - Board STM32H7B3I-DK: unknown feature type=Audio, name=, username=Audio stereo codec with Headphone Amp (CS42L51-CNZ), n=1
2021-06-18 22:47:45,617 [WARN] DbBoardsPdsc:254 - Board STM32H735G-DK: unknown feature type=Audio, name=, username=Audio stereo codec with Headphone Amp (WM8994ECS/R), n=1
2021-06-18 22:47:45,617 [WARN] DbBoardsPdsc:254 - Board STM32WB5MM-DK: unknown feature type=, name=, username=Time-of-Flight and gesture-detection sensor, n=1
2021-06-18 22:47:45,617 [WARN] DbBoardsPdsc:254 - Board STM32WB5MM-DK: unknown feature type=, name=, username=3 push-buttons (2 users and 1 reset) and 1 touch key button, n=1
2021-06-18 22:47:45,617 [WARN] DbBoardsPdsc:254 - Board STM32WB5MM-DK: unknown feature type=, name=, username=Flexible power-supply options: ST-LINK/V2-1 USB connector, 5 V delivered by ARDUINO?® or external connector, USB charger, or USB power, n=1
2021-06-18 22:47:45,617 [WARN] DbBoardsPdsc:254 - Board STM32WB5MM-DK: unknown feature type=, name=, username=On-board ST-LINK/V2-1 debugger/programmer with USB re-enumeration capability: Virtual COM port and debug port, n=1
2021-06-18 22:47:45,617 [WARN] DbBoardsPdsc:254 - Board STM32WB5MM-DK: unknown feature type=, name=, username=Comprehensive free software libraries and examples available with the STM32CubeWB MCU Package, n=1
2021-06-18 22:47:45,617 [WARN] DbBoardsPdsc:254 - Board STM32WB5MM-DK: unknown feature type=, name=, username=Support of a wide choice of Integrated Development Environments (IDEs) including IAR Embedded Workbench?®, MDK-ARM, and STM32CubeIDE, n=1
2021-06-18 22:47:45,617 [WARN] DbBoardsPdsc:254 - Board STM32H7B3I-EVAL: unknown feature type=Audio, name=, username=Multi-Channel Audio Codec (CS42L51-CNZ), n=1
2021-06-18 22:47:45,617 [WARN] DbBoardsPdsc:254 - Board STM32H7B3I-EVAL: unknown feature type=Meter, name=, username=Power-metering and Temperature-monitoring with sigma-delta modulators, n=1
2021-06-18 22:47:45,617 [WARN] DbBoardsPdsc:254 - Board STM32H7B3I-EVAL: unknown feature type=Motor, name=, username=Motor Control, n=1
2021-06-18 22:47:45,632 [INFO] DbBoardsJson:87 - JSON generation date=Tue Jun 01 08:52:40 EEST 2021 (1622526760)
2021-06-18 22:47:45,648 [INFO] DbBoards:117 - Found 161 boards (158 are supported by CubeMX)
2021-06-18 22:47:45,648 [INFO] DbBoardsDocs:143 - JSON generation date=Tue Jun 01 08:52:40 EEST 2021 (1622526760)
2021-06-18 22:47:45,679 [INFO] DbBoardsDocs:79 - Found 193 boards documents
2021-06-18 22:47:45,679 [WARN] DbBoards:127 - board B-L462E-CELL1 has no document id list !
2021-06-18 22:47:45,679 [WARN] DbBoards:127 - board B-L475E-IOT01A2 has no document id list !
2021-06-18 22:47:45,679 [WARN] DbBoards:127 - board NUCLEO-G0B1RE has no document id list !
2021-06-18 22:47:45,679 [WARN] DbBoards:127 - board NUCLEO-H743ZI has no document id list !
2021-06-18 22:47:45,679 [WARN] DbBoards:127 - board NUCLEO-L4A6ZG has no document id list !
2021-06-18 22:47:45,679 [WARN] DbBoards:127 - board NUCLEO-WB15CC has no document id list !
2021-06-18 22:47:45,679 [WARN] DbBoards:127 - board NUCLEO-WB55RG has no document id list !
2021-06-18 22:47:45,679 [WARN] DbBoards:127 - board NUCLEO-WL55JC2 has no document id list !
2021-06-18 22:47:45,679 [WARN] DbBoards:127 - board P-NUCLEO-WB55-Nucleo has no document id list !
2021-06-18 22:47:45,679 [WARN] DbBoards:127 - board P-NUCLEO-WB55-USBDongle has no document id list !
2021-06-18 22:47:45,679 [WARN] DbBoards:127 - board STEVAL-BFA001V1B has no document id list !
2021-06-18 22:47:45,679 [WARN] DbBoards:127 - board STEVAL-BFA001V2B has no document id list !
2021-06-18 22:47:45,679 [WARN] DbBoards:127 - board STEVAL-IDP005V1 has no document id list !
2021-06-18 22:47:45,679 [WARN] DbBoards:127 - board STEVAL-IDP005V2 has no document id list !
2021-06-18 22:47:45,679 [WARN] DbBoards:127 - board STEVAL-MKSBOX1V1 has no document id list !
2021-06-18 22:47:45,679 [WARN] DbBoards:127 - board STEVAL-STWINKT1 has no document id list !
2021-06-18 22:47:45,679 [WARN] DbBoards:127 - board STEVAL-STWINKT1B has no document id list !
2021-06-18 22:47:45,679 [WARN] DbBoards:127 - board STM32F401C-DISCO has no document id list !
2021-06-18 22:47:45,679 [WARN] DbBoards:127 - board STM32F769I-DISC1 has no document id list !
2021-06-18 22:47:45,679 [WARN] DbBoards:127 - board STM32G0C1E-EV has no document id list !
2021-06-18 22:47:45,679 [WARN] DbBoards:127 - board STM32G474E-EVAL1 has no document id list !
2021-06-18 22:47:45,679 [WARN] DbBoards:127 - board STM32H743I-EVAL2 has no document id list !
2021-06-18 22:47:45,679 [WARN] DbBoards:127 - board STM32H747I-DISC1 has no document id list !
2021-06-18 22:47:45,679 [WARN] DbBoards:127 - board STM32H753I-EVAL2 has no document id list !
2021-06-18 22:47:45,679 [WARN] DbBoards:127 - board STM32L-DISCOVERY has no document id list !
2021-06-18 22:47:45,679 [WARN] DbBoards:127 - board STM32MP157A-DK1 has no document id list !
2021-06-18 22:47:45,679 [WARN] DbBoards:127 - board STM32MP157F-DK2 has no document id list !
2021-06-18 22:47:45,679 [WARN] DbBoards:127 - board STM32MP157F-EV1 has no document id list !
2021-06-18 22:47:45,679 [WARN] DbBoards:127 - board STM32WB5MM-DK has no document id list !
2021-06-18 22:47:47,819 [INFO] ApiDb:251 - Load user favorites file C:\Users\Vitech-UA/.stm32cubeide/favorites.boards.txt: 0 item(s)
2021-06-18 22:47:47,819 [INFO] ApiDb:255 - User favorites Boards=[]
2021-06-18 22:47:47,819 [INFO] DbBoards:206 - Set 0 / 0 favorites Boards
2021-06-18 22:47:47,851 [INFO] DbBoardsDocs:79 - Found 386 boards documents
2021-06-18 22:47:47,851 [INFO] ApiDb:276 - Save user favorites file C:\Users\Vitech-UA/.stm32cubeide/favorites.boards.txt: 0 item(s)
2021-06-18 22:47:47,851 [INFO] ApiDb:280 - User favorites Boards=[]
2021-06-18 22:47:47,851 [INFO] DbBoardsPdsc:90 - Found 24 items
2021-06-18 22:47:47,851 [INFO] DbBoardsPdsc:90 - Found 9 items
2021-06-18 22:47:47,866 [INFO] DbBoardsPdsc:90 - Found 33 items
2021-06-18 22:47:47,866 [INFO] DbBoardsPdsc:90 - Found 1 items
2021-06-18 22:47:47,866 [INFO] DbBoardsPdsc:90 - Found 46 items
2021-06-18 22:47:47,866 [INFO] DbBoardsPdsc:90 - Found 41 items
2021-06-18 22:47:47,882 [INFO] DbBoardsPdsc:90 - Found 2 items
2021-06-18 22:47:47,882 [INFO] DbBoardsPdsc:90 - Found 5 items
2021-06-18 22:47:47,882 [WARN] DbBoardsPdsc:254 - Board NUCLEO-WB15CC: unknown feature type=, name=, username=Three user LEDs, n=1
2021-06-18 22:47:47,882 [WARN] DbBoardsPdsc:254 - Board NUCLEO-WB15CC: unknown feature type=, name=, username=One reset and three user push-buttons, n=1
2021-06-18 22:47:47,882 [WARN] DbBoardsPdsc:254 - Board NUCLEO-WB15CC: unknown feature type=, name=, username=Arduino Uno V3 expansion connector, n=1
2021-06-18 22:47:47,882 [WARN] DbBoardsPdsc:254 - Board NUCLEO-WB15CC: unknown feature type=, name=, username=ST morpho extension pin headers for full access to all STM32WB I/Os, n=1
2021-06-18 22:47:47,882 [WARN] DbBoardsPdsc:254 - Board NUCLEO-WB15CC: unknown feature type=, name=, username=Integrated PCB antenna and SMA connector footprint, n=1
2021-06-18 22:47:47,882 [WARN] DbBoardsPdsc:254 - Board NUCLEO-WB15CC: unknown feature type=, name=, username=Flexible power-supply options: ST-LINK, USB VBUS, or external sources, n=1
2021-06-18 22:47:47,882 [WARN] DbBoardsPdsc:254 - Board NUCLEO-WB15CC: unknown feature type=, name=, username=On-board footprint to mount a CR2032 battery socket, n=1
2021-06-18 22:47:47,882 [WARN] DbBoardsPdsc:254 - Board NUCLEO-WB15CC: unknown feature type=, name=, username=On-board ST-LINK/V2-1 debugger/programmer with USB re-enumeration capability: mass storage, Virtual COM port, and debug port, n=1
2021-06-18 22:47:47,882 [WARN] DbBoardsPdsc:254 - Board NUCLEO-WB15CC: unknown feature type=, name=, username=Comprehensive free software libraries and examples available with the STM32CubeWB MCU Package, n=1
2021-06-18 22:47:47,882 [WARN] DbBoardsPdsc:254 - Board NUCLEO-WB15CC: unknown feature type=, name=, username=Support of a wide choice of Integrated Development Environments (IDEs) including IAR Embedded Workbench, MDK-ARM, STM32CubeIDE, and Mbed Studio, n=1
2021-06-18 22:47:47,882 [WARN] DbBoardsPdsc:254 - Board STM32H7B3I-DK: unknown feature type=Audio, name=, username=Audio stereo codec with Headphone Amp (CS42L51-CNZ), n=1
2021-06-18 22:47:47,882 [WARN] DbBoardsPdsc:254 - Board STM32H735G-DK: unknown feature type=Audio, name=, username=Audio stereo codec with Headphone Amp (WM8994ECS/R), n=1
2021-06-18 22:47:47,882 [WARN] DbBoardsPdsc:254 - Board STM32WB5MM-DK: unknown feature type=, name=, username=Time-of-Flight and gesture-detection sensor, n=1
2021-06-18 22:47:47,882 [WARN] DbBoardsPdsc:254 - Board STM32WB5MM-DK: unknown feature type=, name=, username=3 push-buttons (2 users and 1 reset) and 1 touch key button, n=1
2021-06-18 22:47:47,882 [WARN] DbBoardsPdsc:254 - Board STM32WB5MM-DK: unknown feature type=, name=, username=Flexible power-supply options: ST-LINK/V2-1 USB connector, 5 V delivered by ARDUINO?® or external connector, USB charger, or USB power, n=1
2021-06-18 22:47:47,882 [WARN] DbBoardsPdsc:254 - Board STM32WB5MM-DK: unknown feature type=, name=, username=On-board ST-LINK/V2-1 debugger/programmer with USB re-enumeration capability: Virtual COM port and debug port, n=1
2021-06-18 22:47:47,882 [WARN] DbBoardsPdsc:254 - Board STM32WB5MM-DK: unknown feature type=, name=, username=Comprehensive free software libraries and examples available with the STM32CubeWB MCU Package, n=1
2021-06-18 22:47:47,882 [WARN] DbBoardsPdsc:254 - Board STM32WB5MM-DK: unknown feature type=, name=, username=Support of a wide choice of Integrated Development Environments (IDEs) including IAR Embedded Workbench?®, MDK-ARM, and STM32CubeIDE, n=1
2021-06-18 22:47:47,882 [WARN] DbBoardsPdsc:254 - Board STM32H7B3I-EVAL: unknown feature type=Audio, name=, username=Multi-Channel Audio Codec (CS42L51-CNZ), n=1
2021-06-18 22:47:47,882 [WARN] DbBoardsPdsc:254 - Board STM32H7B3I-EVAL: unknown feature type=Meter, name=, username=Power-metering and Temperature-monitoring with sigma-delta modulators, n=1
2021-06-18 22:47:47,882 [WARN] DbBoardsPdsc:254 - Board STM32H7B3I-EVAL: unknown feature type=Motor, name=, username=Motor Control, n=1
2021-06-18 22:47:47,913 [INFO] DbBoardsJson:87 - JSON generation date=Tue Jun 01 08:52:40 EEST 2021 (1622526760)
2021-06-18 22:47:47,913 [INFO] DbBoards:117 - Found 161 boards (158 are supported by CubeMX)
2021-06-18 22:47:47,913 [WARN] DbBoards:127 - board B-L462E-CELL1 has no document id list !
2021-06-18 22:47:47,913 [WARN] DbBoards:127 - board B-L475E-IOT01A2 has no document id list !
2021-06-18 22:47:47,913 [WARN] DbBoards:127 - board NUCLEO-G0B1RE has no document id list !
2021-06-18 22:47:47,913 [WARN] DbBoards:127 - board NUCLEO-H743ZI has no document id list !
2021-06-18 22:47:47,913 [WARN] DbBoards:127 - board NUCLEO-L4A6ZG has no document id list !
2021-06-18 22:47:47,913 [WARN] DbBoards:127 - board NUCLEO-WB15CC has no document id list !
2021-06-18 22:47:47,913 [WARN] DbBoards:127 - board NUCLEO-WB55RG has no document id list !
2021-06-18 22:47:47,913 [WARN] DbBoards:127 - board NUCLEO-WL55JC2 has no document id list !
2021-06-18 22:47:47,913 [WARN] DbBoards:127 - board P-NUCLEO-WB55-Nucleo has no document id list !
2021-06-18 22:47:47,913 [WARN] DbBoards:127 - board P-NUCLEO-WB55-USBDongle has no document id list !
2021-06-18 22:47:47,913 [WARN] DbBoards:127 - board STEVAL-BFA001V1B has no document id list !
2021-06-18 22:47:47,913 [WARN] DbBoards:127 - board STEVAL-BFA001V2B has no document id list !
2021-06-18 22:47:47,913 [WARN] DbBoards:127 - board STEVAL-IDP005V1 has no document id list !
2021-06-18 22:47:47,913 [WARN] DbBoards:127 - board STEVAL-IDP005V2 has no document id list !
2021-06-18 22:47:47,913 [WARN] DbBoards:127 - board STEVAL-MKSBOX1V1 has no document id list !
2021-06-18 22:47:47,913 [WARN] DbBoards:127 - board STEVAL-STWINKT1 has no document id list !
2021-06-18 22:47:47,913 [WARN] DbBoards:127 - board STEVAL-STWINKT1B has no document id list !
2021-06-18 22:47:47,913 [WARN] DbBoards:127 - board STM32F401C-DISCO has no document id list !
2021-06-18 22:47:47,913 [WARN] DbBoards:127 - board STM32F769I-DISC1 has no document id list !
2021-06-18 22:47:47,913 [WARN] DbBoards:127 - board STM32G0C1E-EV has no document id list !
2021-06-18 22:47:47,913 [WARN] DbBoards:127 - board STM32G474E-EVAL1 has no document id list !
2021-06-18 22:47:47,913 [WARN] DbBoards:127 - board STM32H743I-EVAL2 has no document id list !
2021-06-18 22:47:47,913 [WARN] DbBoards:127 - board STM32H747I-DISC1 has no document id list !
2021-06-18 22:47:47,913 [WARN] DbBoards:127 - board STM32H753I-EVAL2 has no document id list !
2021-06-18 22:47:47,913 [WARN] DbBoards:127 - board STM32L-DISCOVERY has no document id list !
2021-06-18 22:47:47,913 [WARN] DbBoards:127 - board STM32MP157A-DK1 has no document id list !
2021-06-18 22:47:47,913 [WARN] DbBoards:127 - board STM32MP157F-DK2 has no document id list !
2021-06-18 22:47:47,913 [WARN] DbBoards:127 - board STM32MP157F-EV1 has no document id list !
2021-06-18 22:47:47,913 [WARN] DbBoards:127 - board STM32WB5MM-DK has no document id list !
2021-06-18 22:47:49,131 [INFO] ApiDb:251 - Load user favorites file C:\Users\Vitech-UA/.stm32cubeide/favorites.boards.txt: 0 item(s)
2021-06-18 22:47:49,131 [INFO] ApiDb:255 - User favorites Boards=[]
2021-06-18 22:47:49,131 [INFO] DbBoards:206 - Set 0 / 0 favorites Boards
2021-06-18 22:47:49,538 [INFO] ApiDb:479 - Connected to CubeFinder SQLite database (C:\Users\Vitech-UA\.stmcufinder\plugins\mcufinder\mcu\cube-finder-db.db)
2021-06-18 22:47:50,178 [INFO] DbExamplesSqlite:401 - Ignored 36 examples not supported by CubeIDE
2021-06-18 22:47:50,178 [INFO] DbExamplesSqlite:402 - Found 4835 examples active
2021-06-18 22:47:50,178 [INFO] DbExamplesSqlite:403 - Found 274 examples obsolete
2021-06-18 22:47:50,178 [INFO] DbExamplesSqlite:404 - Found 0 examples under development
2021-06-18 22:47:50,178 [INFO] DbExamplesSqlite:405 - Found 76 examples not building
2021-06-18 22:47:50,194 [INFO] DbExamplesSqlite:104 - CubeFinder database Data Model version=2.1
2021-06-18 22:47:50,194 [INFO] DbExamplesSqlite:105 - CubeFinder database Configuration version=3.0-WIP12
2021-06-18 22:47:50,194 [INFO] DbExamplesSqlite:106 - CubeFinder database generation date=2021-05-10 (1620656699)
2021-06-18 22:47:50,194 [INFO] DbExamplesSqlite:107 - CubeFinder database FW Pack versions=[STM32Cube_FW_F4_V1.26.1, STM32Cube_FW_F7_V1.16.1, STM32Cube_FW_G0_V1.4.1, STM32Cube_FW_G4_V1.4.0, STM32Cube_FW_H7_V1.9.0, STM32Cube_FW_L5_V1.4.0, STM32Cube_FW_WB_V1.11.1, STM32Cube_FW_WL_V1.0.0, X-CUBE-AZRTOS-H7_V1.0.0, X-CUBE-BLE1_V6.2.0, X-CUBE-BLE2_V3.2.0, X-CUBE-GNSS1_V5.2.0]
2021-06-18 22:47:50,194 [INFO] DbExamples:130 - Found 4875 examples
2021-06-18 22:47:50,850 [ERROR] DbExamples:206 - Found 301 examples with invalid data (board or MCU)
2021-06-18 22:47:50,850 [INFO] DbExamples:222 - Found 63 boards with related examples
2021-06-18 22:47:50,850 [INFO] DbExamples:235 - Found 52 MCUs with related examples
2021-06-18 22:47:50,866 [INFO] ApiDb:242 - User favorites file not found: C:\Users\Vitech-UA/.stm32cubeide/favorites.examples.txt
2021-06-18 22:47:50,866 [INFO] DbExamples:256 - Set 0 / 0 favorites Examples
2021-06-18 22:47:51,365 [INFO] CrossSelectorPresenter:1330 - Cross Selector saved comparison directory: C:\Users\Vitech-UA\.stmcufinder\plugins\mcufinder\mcu\cs_comparisons_mx
2021-06-18 22:47:51,365 [INFO] MultiScanPanel:200 - Auto-refresh data requested => check proxy status ongoing
2021-06-18 22:47:51,381 [INFO] FinderPluginLoader:87 - Searching for filters in installed packs
2021-06-18 22:47:51,912 [WARN] DetailPanel:315 - Failed to get advertising image, set to default
2021-06-18 22:48:07,147 [INFO] MultiScanPanel:200 - Auto-refresh data requested => check proxy status ongoing
2021-06-18 22:48:07,209 [WARN] DetailPanel:315 - Failed to get advertising image, set to default
2021-06-18 22:48:42,438 [INFO] ApiDb:276 - Save user favorites file C:\Users\Vitech-UA/.stm32cubeide/favorites.mcus.txt: 0 item(s)
2021-06-18 22:48:42,438 [INFO] ApiDb:280 - User favorites MCUs=[]
2021-06-18 22:48:42,438 [INFO] ApiDb:276 - Save user favorites file C:\Users\Vitech-UA/.stm32cubeide/favorites.boards.txt: 0 item(s)
2021-06-18 22:48:42,438 [INFO] ApiDb:280 - User favorites Boards=[]
