21:35:14 **** Clean-only build of configuration Debug for project STM32F334R8T6_Device ****
make -j4 clean 
rm -rf  default.size.stdout  STM32F334R8T6_Device.list  STM32F334R8T6_Device.elf  ./RFM69_Lib/rfm69.o  ./Drivers/STM32F3xx_HAL_Driver/Src/stm32f3xx_hal.o ./Drivers/STM32F3xx_HAL_Driver/Src/stm32f3xx_hal_cortex.o ./Drivers/STM32F3xx_HAL_Driver/Src/stm32f3xx_hal_dma.o ./Drivers/STM32F3xx_HAL_Driver/Src/stm32f3xx_hal_exti.o ./Drivers/STM32F3xx_HAL_Driver/Src/stm32f3xx_hal_flash.o ./Drivers/STM32F3xx_HAL_Driver/Src/stm32f3xx_hal_flash_ex.o ./Drivers/STM32F3xx_HAL_Driver/Src/stm32f3xx_hal_gpio.o ./Drivers/STM32F3xx_HAL_Driver/Src/stm32f3xx_hal_i2c.o ./Drivers/STM32F3xx_HAL_Driver/Src/stm32f3xx_hal_i2c_ex.o ./Drivers/STM32F3xx_HAL_Driver/Src/stm32f3xx_hal_pwr.o ./Drivers/STM32F3xx_HAL_Driver/Src/stm32f3xx_hal_pwr_ex.o ./Drivers/STM32F3xx_HAL_Driver/Src/stm32f3xx_hal_rcc.o ./Drivers/STM32F3xx_HAL_Driver/Src/stm32f3xx_hal_rcc_ex.o ./Drivers/STM32F3xx_HAL_Driver/Src/stm32f3xx_hal_spi.o ./Drivers/STM32F3xx_HAL_Driver/Src/stm32f3xx_hal_spi_ex.o ./Drivers/STM32F3xx_HAL_Driver/Src/stm32f3xx_hal_tim.o ./Drivers/STM32F3xx_HAL_Driver/Src/stm32f3xx_hal_tim_ex.o ./Drivers/STM32F3xx_HAL_Driver/Src/stm32f3xx_hal_uart.o ./Drivers/STM32F3xx_HAL_Driver/Src/stm32f3xx_hal_uart_ex.o  ./Core/Startup/startup_stm32f334r8tx.o  ./Core/Src/main.o ./Core/Src/stm32f3xx_hal_msp.o ./Core/Src/stm32f3xx_it.o ./Core/Src/syscalls.o ./Core/Src/sysmem.o ./Core/Src/system_stm32f3xx.o  ./Core/Startup/startup_stm32f334r8tx.d  ./RFM69_Lib/rfm69.d  ./Drivers/STM32F3xx_HAL_Driver/Src/stm32f3xx_hal.d ./Drivers/STM32F3xx_HAL_Driver/Src/stm32f3xx_hal_cortex.d ./Drivers/STM32F3xx_HAL_Driver/Src/stm32f3xx_hal_dma.d ./Drivers/STM32F3xx_HAL_Driver/Src/stm32f3xx_hal_exti.d ./Drivers/STM32F3xx_HAL_Driver/Src/stm32f3xx_hal_flash.d ./Drivers/STM32F3xx_HAL_Driver/Src/stm32f3xx_hal_flash_ex.d ./Drivers/STM32F3xx_HAL_Driver/Src/stm32f3xx_hal_gpio.d ./Drivers/STM32F3xx_HAL_Driver/Src/stm32f3xx_hal_i2c.d ./Drivers/STM32F3xx_HAL_Driver/Src/stm32f3xx_hal_i2c_ex.d ./Drivers/STM32F3xx_HAL_Driver/Src/stm32f3xx_hal_pwr.d ./Drivers/STM32F3xx_HAL_Driver/Src/stm32f3xx_hal_pwr_ex.d ./Drivers/STM32F3xx_HAL_Driver/Src/stm32f3xx_hal_rcc.d ./Drivers/STM32F3xx_HAL_Driver/Src/stm32f3xx_hal_rcc_ex.d ./Drivers/STM32F3xx_HAL_Driver/Src/stm32f3xx_hal_spi.d ./Drivers/STM32F3xx_HAL_Driver/Src/stm32f3xx_hal_spi_ex.d ./Drivers/STM32F3xx_HAL_Driver/Src/stm32f3xx_hal_tim.d ./Drivers/STM32F3xx_HAL_Driver/Src/stm32f3xx_hal_tim_ex.d ./Drivers/STM32F3xx_HAL_Driver/Src/stm32f3xx_hal_uart.d ./Drivers/STM32F3xx_HAL_Driver/Src/stm32f3xx_hal_uart_ex.d  ./Core/Src/main.d ./Core/Src/stm32f3xx_hal_msp.d ./Core/Src/stm32f3xx_it.d ./Core/Src/syscalls.d ./Core/Src/sysmem.d ./Core/Src/system_stm32f3xx.d  STM32F334R8T6_Device.bin  STM32F334R8T6_Device.elf
 
21:35:39 **** Incremental Build of configuration Debug for project STM32F051R8T6_HUB ****
make -j4 all 
arm-none-eabi-gcc "C:/STM32 workspace/STM32 RFM69 SPI TxRx/RFM69_Lib/rfm69.c" -mcpu=cortex-m0 -std=gnu11 -g3 -DDEBUG -DUSE_HAL_DRIVER -DSTM32F051x8 -c -I../Core/Inc -I"C:/STM32 workspace/STM32 RFM69 SPI TxRx/RFM69_Lib" -I../Drivers/STM32F0xx_HAL_Driver/Inc -I../Drivers/STM32F0xx_HAL_Driver/Inc/Legacy -I../Drivers/CMSIS/Device/ST/STM32F0xx/Include -I../Drivers/CMSIS/Include -O0 -ffunction-sections -fdata-sections -Wall -fstack-usage -MMD -MP -MF"RFM69_Lib/rfm69.d" -MT"RFM69_Lib/rfm69.o" --specs=nano.specs -mfloat-abi=soft -mthumb -o "RFM69_Lib/rfm69.o"
arm-none-eabi-gcc "../Core/Src/main.c" -mcpu=cortex-m0 -std=gnu11 -g3 -DDEBUG -DUSE_HAL_DRIVER -DSTM32F051x8 -c -I../Core/Inc -I"C:/STM32 workspace/STM32 RFM69 SPI TxRx/RFM69_Lib" -I../Drivers/STM32F0xx_HAL_Driver/Inc -I../Drivers/STM32F0xx_HAL_Driver/Inc/Legacy -I../Drivers/CMSIS/Device/ST/STM32F0xx/Include -I../Drivers/CMSIS/Include -O0 -ffunction-sections -fdata-sections -Wall -fstack-usage -MMD -MP -MF"Core/Src/main.d" -MT"Core/Src/main.o" --specs=nano.specs -mfloat-abi=soft -mthumb -o "Core/Src/main.o"
C:/STM32 workspace/STM32 RFM69 SPI TxRx/RFM69_Lib/rfm69.c: In function 'setAESEncryption':
C:/STM32 workspace/STM32 RFM69 SPI TxRx/RFM69_Lib/rfm69.c:408:45: warning: dereferencing 'void *' pointer
  408 |    HAL_SPI_Transmit(&RFM69_SPI_PORT, &aesKey[i], 1, 100);
      |                                             ^
C:/STM32 workspace/STM32 RFM69 SPI TxRx/RFM69_Lib/rfm69.c:408:38: warning: passing argument 2 of 'HAL_SPI_Transmit' discards 'const' qualifier from pointer target type [-Wdiscarded-qualifiers]
  408 |    HAL_SPI_Transmit(&RFM69_SPI_PORT, &aesKey[i], 1, 100);
      |                                      ^~~~~~~~~~
In file included from ../Core/Inc/stm32f0xx_hal_conf.h:276,
                 from ../Drivers/STM32F0xx_HAL_Driver/Inc/stm32f0xx_hal.h:30,
                 from ../Core/Inc/main.h:31,
                 from C:/STM32 workspace/STM32 RFM69 SPI TxRx/RFM69_Lib/rfm69.h:11,
                 from C:/STM32 workspace/STM32 RFM69 SPI TxRx/RFM69_Lib/rfm69.c:8:
../Drivers/STM32F0xx_HAL_Driver/Inc/stm32f0xx_hal_spi.h:792:70: note: expected 'uint8_t *' {aka 'unsigned char *'} but argument is of type 'const void *'
  792 | HAL_StatusTypeDef HAL_SPI_Transmit(SPI_HandleTypeDef *hspi, uint8_t *pData, uint16_t Size, uint32_t Timeout);
      |                                                             ~~~~~~~~~^~~~~
arm-none-eabi-gcc -o "STM32F051R8T6_HUB.elf" @"objects.list"   -mcpu=cortex-m0 -T"C:\STM32 workspace\STM32 RFM69 SPI TxRx\STM32F051R8T6_HUB\STM32F051R8TX_FLASH.ld" --specs=nosys.specs -Wl,-Map="STM32F051R8T6_HUB.map" -Wl,--gc-sections -static --specs=nano.specs -mfloat-abi=soft -mthumb -Wl,--start-group -lc -lm -Wl,--end-group
Finished building target: STM32F051R8T6_HUB.elf
 
arm-none-eabi-size   STM32F051R8T6_HUB.elf 
arm-none-eabi-objdump -h -S  STM32F051R8T6_HUB.elf  > "STM32F051R8T6_HUB.list"
arm-none-eabi-objcopy  -O binary  STM32F051R8T6_HUB.elf  "STM32F051R8T6_HUB.bin"
   text	   data	    bss	    dec	    hex	filename
  19748	    120	   2112	  21980	   55dc	STM32F051R8T6_HUB.elf
Finished building: default.size.stdout
 
Finished building: STM32F051R8T6_HUB.bin
 
Finished building: STM32F051R8T6_HUB.list
 
21:37:53 **** Incremental Build of configuration Debug for project STM32F051R8T6_HUB ****
make -j4 all 
arm-none-eabi-gcc "../Core/Src/main.c" -mcpu=cortex-m0 -std=gnu11 -g3 -DDEBUG -DUSE_HAL_DRIVER -DSTM32F051x8 -c -I../Core/Inc -I"C:/STM32 workspace/STM32 RFM69 SPI TxRx/RFM69_Lib" -I../Drivers/STM32F0xx_HAL_Driver/Inc -I../Drivers/STM32F0xx_HAL_Driver/Inc/Legacy -I../Drivers/CMSIS/Device/ST/STM32F0xx/Include -I../Drivers/CMSIS/Include -O0 -ffunction-sections -fdata-sections -Wall -fstack-usage -MMD -MP -MF"Core/Src/main.d" -MT"Core/Src/main.o" --specs=nano.specs -mfloat-abi=soft -mthumb -o "Core/Src/main.o"
arm-none-eabi-gcc -o "STM32F051R8T6_HUB.elf" @"objects.list"   -mcpu=cortex-m0 -T"C:\STM32 workspace\STM32 RFM69 SPI TxRx\STM32F051R8T6_HUB\STM32F051R8TX_FLASH.ld" --specs=nosys.specs -Wl,-Map="STM32F051R8T6_HUB.map" -Wl,--gc-sections -static --specs=nano.specs -mfloat-abi=soft -mthumb -Wl,--start-group -lc -lm -Wl,--end-group
Finished building target: STM32F051R8T6_HUB.elf
 
arm-none-eabi-size   STM32F051R8T6_HUB.elf 
arm-none-eabi-objdump -h -S  STM32F051R8T6_HUB.elf  > "STM32F051R8T6_HUB.list"
arm-none-eabi-objcopy  -O binary  STM32F051R8T6_HUB.elf  "STM32F051R8T6_HUB.bin"
   text	   data	    bss	    dec	    hex	filename
  19748	    120	   2112	  21980	   55dc	STM32F051R8T6_HUB.elf
Finished building: default.size.stdout
 
Finished building: STM32F051R8T6_HUB.bin
 
Finished building: STM32F051R8T6_HUB.list
 
21:38:31 **** Incremental Build of configuration Debug for project STM32F051R8T6_HUB ****
make -j4 all 
arm-none-eabi-gcc "C:/STM32 workspace/STM32 RFM69 SPI TxRx/RFM69_Lib/rfm69.c" -mcpu=cortex-m0 -std=gnu11 -g3 -DDEBUG -DUSE_HAL_DRIVER -DSTM32F051x8 -c -I../Core/Inc -I"C:/STM32 workspace/STM32 RFM69 SPI TxRx/RFM69_Lib" -I../Drivers/STM32F0xx_HAL_Driver/Inc -I../Drivers/STM32F0xx_HAL_Driver/Inc/Legacy -I../Drivers/CMSIS/Device/ST/STM32F0xx/Include -I../Drivers/CMSIS/Include -O0 -ffunction-sections -fdata-sections -Wall -fstack-usage -MMD -MP -MF"RFM69_Lib/rfm69.d" -MT"RFM69_Lib/rfm69.o" --specs=nano.specs -mfloat-abi=soft -mthumb -o "RFM69_Lib/rfm69.o"
C:/STM32 workspace/STM32 RFM69 SPI TxRx/RFM69_Lib/rfm69.c: In function 'setAESEncryption':
C:/STM32 workspace/STM32 RFM69 SPI TxRx/RFM69_Lib/rfm69.c:408:45: warning: dereferencing 'void *' pointer
  408 |    HAL_SPI_Transmit(&RFM69_SPI_PORT, &aesKey[i], 1, 100);
      |                                             ^
C:/STM32 workspace/STM32 RFM69 SPI TxRx/RFM69_Lib/rfm69.c:408:38: warning: passing argument 2 of 'HAL_SPI_Transmit' discards 'const' qualifier from pointer target type [-Wdiscarded-qualifiers]
  408 |    HAL_SPI_Transmit(&RFM69_SPI_PORT, &aesKey[i], 1, 100);
      |                                      ^~~~~~~~~~
In file included from ../Core/Inc/stm32f0xx_hal_conf.h:276,
                 from ../Drivers/STM32F0xx_HAL_Driver/Inc/stm32f0xx_hal.h:30,
                 from ../Core/Inc/main.h:31,
                 from C:/STM32 workspace/STM32 RFM69 SPI TxRx/RFM69_Lib/rfm69.h:11,
                 from C:/STM32 workspace/STM32 RFM69 SPI TxRx/RFM69_Lib/rfm69.c:8:
../Drivers/STM32F0xx_HAL_Driver/Inc/stm32f0xx_hal_spi.h:792:70: note: expected 'uint8_t *' {aka 'unsigned char *'} but argument is of type 'const void *'
  792 | HAL_StatusTypeDef HAL_SPI_Transmit(SPI_HandleTypeDef *hspi, uint8_t *pData, uint16_t Size, uint32_t Timeout);
      |                                                             ~~~~~~~~~^~~~~
arm-none-eabi-gcc -o "STM32F051R8T6_HUB.elf" @"objects.list"   -mcpu=cortex-m0 -T"C:\STM32 workspace\STM32 RFM69 SPI TxRx\STM32F051R8T6_HUB\STM32F051R8TX_FLASH.ld" --specs=nosys.specs -Wl,-Map="STM32F051R8T6_HUB.map" -Wl,--gc-sections -static --specs=nano.specs -mfloat-abi=soft -mthumb -Wl,--start-group -lc -lm -Wl,--end-group
Finished building target: STM32F051R8T6_HUB.elf
 
arm-none-eabi-size   STM32F051R8T6_HUB.elf 
arm-none-eabi-objdump -h -S  STM32F051R8T6_HUB.elf  > "STM32F051R8T6_HUB.list"
arm-none-eabi-objcopy  -O binary  STM32F051R8T6_HUB.elf  "STM32F051R8T6_HUB.bin"
   text	   data	    bss	    dec	    hex	filename
  19748	    120	   2112	  21980	   55dc	STM32F051R8T6_HUB.elf
Finished building: default.size.stdout
 
Finished building: STM32F051R8T6_HUB.bin
 
Finished building: STM32F051R8T6_HUB.list
 
21:39:14 **** Incremental Build of configuration Debug for project STM32F051R8T6_HUB ****
make -j4 all 
arm-none-eabi-gcc "C:/STM32 workspace/STM32 RFM69 SPI TxRx/RFM69_Lib/rfm69.c" -mcpu=cortex-m0 -std=gnu11 -g3 -DDEBUG -DUSE_HAL_DRIVER -DSTM32F051x8 -c -I../Core/Inc -I"C:/STM32 workspace/STM32 RFM69 SPI TxRx/RFM69_Lib" -I../Drivers/STM32F0xx_HAL_Driver/Inc -I../Drivers/STM32F0xx_HAL_Driver/Inc/Legacy -I../Drivers/CMSIS/Device/ST/STM32F0xx/Include -I../Drivers/CMSIS/Include -O0 -ffunction-sections -fdata-sections -Wall -fstack-usage -MMD -MP -MF"RFM69_Lib/rfm69.d" -MT"RFM69_Lib/rfm69.o" --specs=nano.specs -mfloat-abi=soft -mthumb -o "RFM69_Lib/rfm69.o"
C:/STM32 workspace/STM32 RFM69 SPI TxRx/RFM69_Lib/rfm69.c: In function 'setAESEncryption':
C:/STM32 workspace/STM32 RFM69 SPI TxRx/RFM69_Lib/rfm69.c:408:45: warning: dereferencing 'void *' pointer
  408 |    HAL_SPI_Transmit(&RFM69_SPI_PORT, &aesKey[i], 1, 100);
      |                                             ^
C:/STM32 workspace/STM32 RFM69 SPI TxRx/RFM69_Lib/rfm69.c:408:38: warning: passing argument 2 of 'HAL_SPI_Transmit' discards 'const' qualifier from pointer target type [-Wdiscarded-qualifiers]
  408 |    HAL_SPI_Transmit(&RFM69_SPI_PORT, &aesKey[i], 1, 100);
      |                                      ^~~~~~~~~~
In file included from ../Core/Inc/stm32f0xx_hal_conf.h:276,
                 from ../Drivers/STM32F0xx_HAL_Driver/Inc/stm32f0xx_hal.h:30,
                 from ../Core/Inc/main.h:31,
                 from C:/STM32 workspace/STM32 RFM69 SPI TxRx/RFM69_Lib/rfm69.h:11,
                 from C:/STM32 workspace/STM32 RFM69 SPI TxRx/RFM69_Lib/rfm69.c:8:
../Drivers/STM32F0xx_HAL_Driver/Inc/stm32f0xx_hal_spi.h:792:70: note: expected 'uint8_t *' {aka 'unsigned char *'} but argument is of type 'const void *'
  792 | HAL_StatusTypeDef HAL_SPI_Transmit(SPI_HandleTypeDef *hspi, uint8_t *pData, uint16_t Size, uint32_t Timeout);
      |                                                             ~~~~~~~~~^~~~~
arm-none-eabi-gcc -o "STM32F051R8T6_HUB.elf" @"objects.list"   -mcpu=cortex-m0 -T"C:\STM32 workspace\STM32 RFM69 SPI TxRx\STM32F051R8T6_HUB\STM32F051R8TX_FLASH.ld" --specs=nosys.specs -Wl,-Map="STM32F051R8T6_HUB.map" -Wl,--gc-sections -static --specs=nano.specs -mfloat-abi=soft -mthumb -Wl,--start-group -lc -lm -Wl,--end-group
Finished building target: STM32F051R8T6_HUB.elf
 
arm-none-eabi-size   STM32F051R8T6_HUB.elf 
arm-none-eabi-objdump -h -S  STM32F051R8T6_HUB.elf  > "STM32F051R8T6_HUB.list"
arm-none-eabi-objcopy  -O binary  STM32F051R8T6_HUB.elf  "STM32F051R8T6_HUB.bin"
   text	   data	    bss	    dec	    hex	filename
  19744	    120	   2112	  21976	   55d8	STM32F051R8T6_HUB.elf
Finished building: default.size.stdout
 
Finished building: STM32F051R8T6_HUB.bin
 
Finished building: STM32F051R8T6_HUB.list
 
