22:09:29 **** Incremental Build of configuration Debug for project STM32F051_RFM69_LowPowerLab_ATC ****
make -j4 all 
arm-none-eabi-g++ "../Src/main.cpp" -mcpu=cortex-m0 -std=gnu++14 -g3 -DSTM32 -DSTM32F0 -DDEBUG -DSTM32F051R8Tx -c -I../Inc -I"C:/STM32 workspace/STM32 RFM69 SPI TxRx/STM32F051_RFM69_LowPowerLab_ATC/RFM69" -I"C:/STM32 workspace/STM32 RFM69 SPI TxRx/STM32F051_RFM69_LowPowerLab_ATC/uart" -I"C:/STM32 workspace/STM32 RFM69 SPI TxRx/STM32F051_RFM69_LowPowerLab_ATC/spi" -I"C:/STM32 workspace/STM32 RFM69 SPI TxRx/STM32F051_RFM69_LowPowerLab_ATC/gpio" -include"C:/STM32 workspace/STM32 RFM69 SPI TxRx/STM32F051_RFM69_LowPowerLab_ATC/gpio/Gpio.cpp" -include"C:/STM32 workspace/STM32 RFM69 SPI TxRx/STM32F051_RFM69_LowPowerLab_ATC/RFM69/RFM69.cpp" -include"C:/STM32 workspace/STM32 RFM69 SPI TxRx/STM32F051_RFM69_LowPowerLab_ATC/uart/uart.cpp" -include"C:/STM32 workspace/STM32 RFM69 SPI TxRx/STM32F051_RFM69_LowPowerLab_ATC/spi/SPI.cpp" -O0 -ffunction-sections -fdata-sections -fno-exceptions -fno-rtti -fno-use-cxa-atexit -Wall -fstack-usage -MMD -MP -MF"Src/main.d" -MT"Src/main.o" --specs=nano.specs -mfloat-abi=soft -mthumb -o "Src/main.o"
In file included from C:/STM32 workspace/STM32 RFM69 SPI TxRx/STM32F051_RFM69_LowPowerLab_ATC/uart/uart.h:12,
                 from C:/STM32 workspace/STM32 RFM69 SPI TxRx/STM32F051_RFM69_LowPowerLab_ATC/RFM69/RFM69.cpp:4,
                 from <command-line>:
c:\st\stm32cubeide_1.6.0\stm32cubeide\plugins\com.st.stm32cube.ide.mcu.externaltools.gnu-tools-for-stm32.9-2020-q2-update.win32_1.5.0.202011040924\tools\lib\gcc\arm-none-eabi\9.3.1\include\stdarg.h:40:27: error: expected initializer before '__gnuc_va_list'
   40 | typedef __builtin_va_list __gnuc_va_list;
      |                           ^~~~~~~~~~~~~~
In file included from C:/STM32 workspace/STM32 RFM69 SPI TxRx/STM32F051_RFM69_LowPowerLab_ATC/uart/uart.h:12,
                 from C:/STM32 workspace/STM32 RFM69 SPI TxRx/STM32F051_RFM69_LowPowerLab_ATC/RFM69/RFM69.cpp:4,
                 from <command-line>:
c:\st\stm32cubeide_1.6.0\stm32cubeide\plugins\com.st.stm32cube.ide.mcu.externaltools.gnu-tools-for-stm32.9-2020-q2-update.win32_1.5.0.202011040924\tools\lib\gcc\arm-none-eabi\9.3.1\include\stdarg.h:99:9: error: '__gnuc_va_list' does not name a type
   99 | typedef __gnuc_va_list va_list;
      |         ^~~~~~~~~~~~~~
In file included from C:/STM32 workspace/STM32 RFM69 SPI TxRx/STM32F051_RFM69_LowPowerLab_ATC/uart/uart.cpp:10,
                 from <command-line>:
c:\st\stm32cubeide_1.6.0\stm32cubeide\plugins\com.st.stm32cube.ide.mcu.externaltools.gnu-tools-for-stm32.9-2020-q2-update.win32_1.5.0.202011040924\tools\arm-none-eabi\include\stdio.h:206:57: error: '__gnuc_va_list' has not been declared
  206 | int vfprintf (FILE *__restrict, const char *__restrict, __VALIST)
      |                                                         ^~~~~~~~
c:\st\stm32cubeide_1.6.0\stm32cubeide\plugins\com.st.stm32cube.ide.mcu.externaltools.gnu-tools-for-stm32.9-2020-q2-update.win32_1.5.0.202011040924\tools\arm-none-eabi\include\stdio.h:208:28: error: '__gnuc_va_list' has not been declared
  208 | int vprintf (const char *, __VALIST)
      |                            ^~~~~~~~
c:\st\stm32cubeide_1.6.0\stm32cubeide\plugins\com.st.stm32cube.ide.mcu.externaltools.gnu-tools-for-stm32.9-2020-q2-update.win32_1.5.0.202011040924\tools\arm-none-eabi\include\stdio.h:210:57: error: '__gnuc_va_list' has not been declared
  210 | int vsprintf (char *__restrict, const char *__restrict, __VALIST)
      |                                                         ^~~~~~~~
c:\st\stm32cubeide_1.6.0\stm32cubeide\plugins\com.st.stm32cube.ide.mcu.externaltools.gnu-tools-for-stm32.9-2020-q2-update.win32_1.5.0.202011040924\tools\arm-none-eabi\include\stdio.h:268:66: error: '__gnuc_va_list' has not been declared
  268 | int vsnprintf (char *__restrict, size_t, const char *__restrict, __VALIST)
      |                                                                  ^~~~~~~~
c:\st\stm32cubeide_1.6.0\stm32cubeide\plugins\com.st.stm32cube.ide.mcu.externaltools.gnu-tools-for-stm32.9-2020-q2-update.win32_1.5.0.202011040924\tools\arm-none-eabi\include\stdio.h:270:56: error: '__gnuc_va_list' has not been declared
  270 | int vfscanf (FILE *__restrict, const char *__restrict, __VALIST)
      |                                                        ^~~~~~~~
c:\st\stm32cubeide_1.6.0\stm32cubeide\plugins\com.st.stm32cube.ide.mcu.externaltools.gnu-tools-for-stm32.9-2020-q2-update.win32_1.5.0.202011040924\tools\arm-none-eabi\include\stdio.h:272:27: error: '__gnuc_va_list' has not been declared
  272 | int vscanf (const char *, __VALIST)
      |                           ^~~~~~~~
c:\st\stm32cubeide_1.6.0\stm32cubeide\plugins\com.st.stm32cube.ide.mcu.externaltools.gnu-tools-for-stm32.9-2020-q2-update.win32_1.5.0.202011040924\tools\arm-none-eabi\include\stdio.h:274:62: error: '__gnuc_va_list' has not been declared
  274 | int vsscanf (const char *__restrict, const char *__restrict, __VALIST)
      |                                                              ^~~~~~~~
c:\st\stm32cubeide_1.6.0\stm32cubeide\plugins\com.st.stm32cube.ide.mcu.externaltools.gnu-tools-for-stm32.9-2020-q2-update.win32_1.5.0.202011040924\tools\arm-none-eabi\include\stdio.h:308:40: error: '__gnuc_va_list' has not been declared
  308 | int vasiprintf (char **, const char *, __VALIST)
      |                                        ^~~~~~~~
c:\st\stm32cubeide_1.6.0\stm32cubeide\plugins\com.st.stm32cube.ide.mcu.externaltools.gnu-tools-for-stm32.9-2020-q2-update.win32_1.5.0.202011040924\tools\arm-none-eabi\include\stdio.h:310:53: error: '__gnuc_va_list' has not been declared
  310 | char * vasniprintf (char *, size_t *, const char *, __VALIST)
      |                                                     ^~~~~~~~
c:\st\stm32cubeide_1.6.0\stm32cubeide\plugins\com.st.stm32cube.ide.mcu.externaltools.gnu-tools-for-stm32.9-2020-q2-update.win32_1.5.0.202011040924\tools\arm-none-eabi\include\stdio.h:312:52: error: '__gnuc_va_list' has not been declared
  312 | char * vasnprintf (char *, size_t *, const char *, __VALIST)
      |                                                    ^~~~~~~~
c:\st\stm32cubeide_1.6.0\stm32cubeide\plugins\com.st.stm32cube.ide.mcu.externaltools.gnu-tools-for-stm32.9-2020-q2-update.win32_1.5.0.202011040924\tools\arm-none-eabi\include\stdio.h:314:35: error: '__gnuc_va_list' has not been declared
  314 | int vdiprintf (int, const char *, __VALIST)
      |                                   ^~~~~~~~
c:\st\stm32cubeide_1.6.0\stm32cubeide\plugins\com.st.stm32cube.ide.mcu.externaltools.gnu-tools-for-stm32.9-2020-q2-update.win32_1.5.0.202011040924\tools\arm-none-eabi\include\stdio.h:316:38: error: '__gnuc_va_list' has not been declared
  316 | int vfiprintf (FILE *, const char *, __VALIST)
      |                                      ^~~~~~~~
c:\st\stm32cubeide_1.6.0\stm32cubeide\plugins\com.st.stm32cube.ide.mcu.externaltools.gnu-tools-for-stm32.9-2020-q2-update.win32_1.5.0.202011040924\tools\arm-none-eabi\include\stdio.h:318:37: error: '__gnuc_va_list' has not been declared
  318 | int vfiscanf (FILE *, const char *, __VALIST)
      |                                     ^~~~~~~~
c:\st\stm32cubeide_1.6.0\stm32cubeide\plugins\com.st.stm32cube.ide.mcu.externaltools.gnu-tools-for-stm32.9-2020-q2-update.win32_1.5.0.202011040924\tools\arm-none-eabi\include\stdio.h:320:29: error: '__gnuc_va_list' has not been declared
  320 | int viprintf (const char *, __VALIST)
      |                             ^~~~~~~~
c:\st\stm32cubeide_1.6.0\stm32cubeide\plugins\com.st.stm32cube.ide.mcu.externaltools.gnu-tools-for-stm32.9-2020-q2-update.win32_1.5.0.202011040924\tools\arm-none-eabi\include\stdio.h:322:28: error: '__gnuc_va_list' has not been declared
  322 | int viscanf (const char *, __VALIST)
      |                            ^~~~~~~~
c:\st\stm32cubeide_1.6.0\stm32cubeide\plugins\com.st.stm32cube.ide.mcu.externaltools.gnu-tools-for-stm32.9-2020-q2-update.win32_1.5.0.202011040924\tools\arm-none-eabi\include\stdio.h:324:38: error: '__gnuc_va_list' has not been declared
  324 | int vsiprintf (char *, const char *, __VALIST)
      |                                      ^~~~~~~~
c:\st\stm32cubeide_1.6.0\stm32cubeide\plugins\com.st.stm32cube.ide.mcu.externaltools.gnu-tools-for-stm32.9-2020-q2-update.win32_1.5.0.202011040924\tools\arm-none-eabi\include\stdio.h:326:43: error: '__gnuc_va_list' has not been declared
  326 | int vsiscanf (const char *, const char *, __VALIST)
      |                                           ^~~~~~~~
c:\st\stm32cubeide_1.6.0\stm32cubeide\plugins\com.st.stm32cube.ide.mcu.externaltools.gnu-tools-for-stm32.9-2020-q2-update.win32_1.5.0.202011040924\tools\arm-none-eabi\include\stdio.h:328:47: error: '__gnuc_va_list' has not been declared
  328 | int vsniprintf (char *, size_t, const char *, __VALIST)
      |                                               ^~~~~~~~
c:\st\stm32cubeide_1.6.0\stm32cubeide\plugins\com.st.stm32cube.ide.mcu.externaltools.gnu-tools-for-stm32.9-2020-q2-update.win32_1.5.0.202011040924\tools\arm-none-eabi\include\stdio.h:381:44: error: '__gnuc_va_list' has not been declared
  381 | int vdprintf (int, const char *__restrict, __VALIST)
      |                                            ^~~~~~~~
c:\st\stm32cubeide_1.6.0\stm32cubeide\plugins\com.st.stm32cube.ide.mcu.externaltools.gnu-tools-for-stm32.9-2020-q2-update.win32_1.5.0.202011040924\tools\arm-none-eabi\include\stdio.h:487:60: error: '__gnuc_va_list' has not been declared
  487 | int _vasiprintf_r (struct _reent *, char **, const char *, __VALIST)
      |                                                            ^~~~~~~~
c:\st\stm32cubeide_1.6.0\stm32cubeide\plugins\com.st.stm32cube.ide.mcu.externaltools.gnu-tools-for-stm32.9-2020-q2-update.win32_1.5.0.202011040924\tools\arm-none-eabi\include\stdio.h:489:72: error: '__gnuc_va_list' has not been declared
  489 | char * _vasniprintf_r (struct _reent*, char *, size_t *, const char *, __VALIST)
      |                                                                        ^~~~~~~~
c:\st\stm32cubeide_1.6.0\stm32cubeide\plugins\com.st.stm32cube.ide.mcu.externaltools.gnu-tools-for-stm32.9-2020-q2-update.win32_1.5.0.202011040924\tools\arm-none-eabi\include\stdio.h:491:71: error: '__gnuc_va_list' has not been declared
  491 | char * _vasnprintf_r (struct _reent*, char *, size_t *, const char *, __VALIST)
      |                                                                       ^~~~~~~~
c:\st\stm32cubeide_1.6.0\stm32cubeide\plugins\com.st.stm32cube.ide.mcu.externaltools.gnu-tools-for-stm32.9-2020-q2-update.win32_1.5.0.202011040924\tools\arm-none-eabi\include\stdio.h:493:59: error: '__gnuc_va_list' has not been declared
  493 | int _vasprintf_r (struct _reent *, char **, const char *, __VALIST)
      |                                                           ^~~~~~~~
c:\st\stm32cubeide_1.6.0\stm32cubeide\plugins\com.st.stm32cube.ide.mcu.externaltools.gnu-tools-for-stm32.9-2020-q2-update.win32_1.5.0.202011040924\tools\arm-none-eabi\include\stdio.h:495:55: error: '__gnuc_va_list' has not been declared
  495 | int _vdiprintf_r (struct _reent *, int, const char *, __VALIST)
      |                                                       ^~~~~~~~
c:\st\stm32cubeide_1.6.0\stm32cubeide\plugins\com.st.stm32cube.ide.mcu.externaltools.gnu-tools-for-stm32.9-2020-q2-update.win32_1.5.0.202011040924\tools\arm-none-eabi\include\stdio.h:497:64: error: '__gnuc_va_list' has not been declared
  497 | int _vdprintf_r (struct _reent *, int, const char *__restrict, __VALIST)
      |                                                                ^~~~~~~~
c:\st\stm32cubeide_1.6.0\stm32cubeide\plugins\com.st.stm32cube.ide.mcu.externaltools.gnu-tools-for-stm32.9-2020-q2-update.win32_1.5.0.202011040924\tools\arm-none-eabi\include\stdio.h:499:58: error: '__gnuc_va_list' has not been declared
  499 | int _vfiprintf_r (struct _reent *, FILE *, const char *, __VALIST)
      |                                                          ^~~~~~~~
c:\st\stm32cubeide_1.6.0\stm32cubeide\plugins\com.st.stm32cube.ide.mcu.externaltools.gnu-tools-for-stm32.9-2020-q2-update.win32_1.5.0.202011040924\tools\arm-none-eabi\include\stdio.h:501:57: error: '__gnuc_va_list' has not been declared
  501 | int _vfiscanf_r (struct _reent *, FILE *, const char *, __VALIST)
      |                                                         ^~~~~~~~
c:\st\stm32cubeide_1.6.0\stm32cubeide\plugins\com.st.stm32cube.ide.mcu.externaltools.gnu-tools-for-stm32.9-2020-q2-update.win32_1.5.0.202011040924\tools\arm-none-eabi\include\stdio.h:503:77: error: '__gnuc_va_list' has not been declared
  503 | int _vfprintf_r (struct _reent *, FILE *__restrict, const char *__restrict, __VALIST)
      |                                                                             ^~~~~~~~
c:\st\stm32cubeide_1.6.0\stm32cubeide\plugins\com.st.stm32cube.ide.mcu.externaltools.gnu-tools-for-stm32.9-2020-q2-update.win32_1.5.0.202011040924\tools\arm-none-eabi\include\stdio.h:505:76: error: '__gnuc_va_list' has not been declared
  505 | int _vfscanf_r (struct _reent *, FILE *__restrict, const char *__restrict, __VALIST)
      |                                                                            ^~~~~~~~
c:\st\stm32cubeide_1.6.0\stm32cubeide\plugins\com.st.stm32cube.ide.mcu.externaltools.gnu-tools-for-stm32.9-2020-q2-update.win32_1.5.0.202011040924\tools\arm-none-eabi\include\stdio.h:507:49: error: '__gnuc_va_list' has not been declared
  507 | int _viprintf_r (struct _reent *, const char *, __VALIST)
      |                                                 ^~~~~~~~
c:\st\stm32cubeide_1.6.0\stm32cubeide\plugins\com.st.stm32cube.ide.mcu.externaltools.gnu-tools-for-stm32.9-2020-q2-update.win32_1.5.0.202011040924\tools\arm-none-eabi\include\stdio.h:509:48: error: '__gnuc_va_list' has not been declared
  509 | int _viscanf_r (struct _reent *, const char *, __VALIST)
      |                                                ^~~~~~~~
c:\st\stm32cubeide_1.6.0\stm32cubeide\plugins\com.st.stm32cube.ide.mcu.externaltools.gnu-tools-for-stm32.9-2020-q2-update.win32_1.5.0.202011040924\tools\arm-none-eabi\include\stdio.h:511:58: error: '__gnuc_va_list' has not been declared
  511 | int _vprintf_r (struct _reent *, const char *__restrict, __VALIST)
      |                                                          ^~~~~~~~
c:\st\stm32cubeide_1.6.0\stm32cubeide\plugins\com.st.stm32cube.ide.mcu.externaltools.gnu-tools-for-stm32.9-2020-q2-update.win32_1.5.0.202011040924\tools\arm-none-eabi\include\stdio.h:513:57: error: '__gnuc_va_list' has not been declared
  513 | int _vscanf_r (struct _reent *, const char *__restrict, __VALIST)
      |                                                         ^~~~~~~~
c:\st\stm32cubeide_1.6.0\stm32cubeide\plugins\com.st.stm32cube.ide.mcu.externaltools.gnu-tools-for-stm32.9-2020-q2-update.win32_1.5.0.202011040924\tools\arm-none-eabi\include\stdio.h:515:58: error: '__gnuc_va_list' has not been declared
  515 | int _vsiprintf_r (struct _reent *, char *, const char *, __VALIST)
      |                                                          ^~~~~~~~
c:\st\stm32cubeide_1.6.0\stm32cubeide\plugins\com.st.stm32cube.ide.mcu.externaltools.gnu-tools-for-stm32.9-2020-q2-update.win32_1.5.0.202011040924\tools\arm-none-eabi\include\stdio.h:517:63: error: '__gnuc_va_list' has not been declared
  517 | int _vsiscanf_r (struct _reent *, const char *, const char *, __VALIST)
      |                                                               ^~~~~~~~
c:\st\stm32cubeide_1.6.0\stm32cubeide\plugins\com.st.stm32cube.ide.mcu.externaltools.gnu-tools-for-stm32.9-2020-q2-update.win32_1.5.0.202011040924\tools\arm-none-eabi\include\stdio.h:519:67: error: '__gnuc_va_list' has not been declared
  519 | int _vsniprintf_r (struct _reent *, char *, size_t, const char *, __VALIST)
      |                                                                   ^~~~~~~~
c:\st\stm32cubeide_1.6.0\stm32cubeide\plugins\com.st.stm32cube.ide.mcu.externaltools.gnu-tools-for-stm32.9-2020-q2-update.win32_1.5.0.202011040924\tools\arm-none-eabi\include\stdio.h:521:86: error: '__gnuc_va_list' has not been declared
  521 | int _vsnprintf_r (struct _reent *, char *__restrict, size_t, const char *__restrict, __VALIST)
      |                                                                                      ^~~~~~~~
c:\st\stm32cubeide_1.6.0\stm32cubeide\plugins\com.st.stm32cube.ide.mcu.externaltools.gnu-tools-for-stm32.9-2020-q2-update.win32_1.5.0.202011040924\tools\arm-none-eabi\include\stdio.h:523:77: error: '__gnuc_va_list' has not been declared
  523 | int _vsprintf_r (struct _reent *, char *__restrict, const char *__restrict, __VALIST)
      |                                                                             ^~~~~~~~
c:\st\stm32cubeide_1.6.0\stm32cubeide\plugins\com.st.stm32cube.ide.mcu.externaltools.gnu-tools-for-stm32.9-2020-q2-update.win32_1.5.0.202011040924\tools\arm-none-eabi\include\stdio.h:525:82: error: '__gnuc_va_list' has not been declared
  525 | int _vsscanf_r (struct _reent *, const char *__restrict, const char *__restrict, __VALIST)
      |                                                                                  ^~~~~~~~
In file included from <command-line>:
C:/STM32 workspace/STM32 RFM69 SPI TxRx/STM32F051_RFM69_LowPowerLab_ATC/uart/uart.cpp: In member function 'void Uart::Printf(const char*, ...)':
C:/STM32 workspace/STM32 RFM69 SPI TxRx/STM32F051_RFM69_LowPowerLab_ATC/uart/uart.cpp:54:2: error: 'va_list' was not declared in this scope
   54 |  va_list args;
      |  ^~~~~~~
C:/STM32 workspace/STM32 RFM69 SPI TxRx/STM32F051_RFM69_LowPowerLab_ATC/uart/uart.cpp:11:1: note: 'va_list' is defined in header '<cstdarg>'; did you forget to '#include <cstdarg>'?
   10 | #include "stdio.h"
  +++ |+#include <cstdarg>
   11 | 
In file included from C:/STM32 workspace/STM32 RFM69 SPI TxRx/STM32F051_RFM69_LowPowerLab_ATC/uart/uart.h:12,
                 from C:/STM32 workspace/STM32 RFM69 SPI TxRx/STM32F051_RFM69_LowPowerLab_ATC/RFM69/RFM69.cpp:4,
                 from <command-line>:
C:/STM32 workspace/STM32 RFM69 SPI TxRx/STM32F051_RFM69_LowPowerLab_ATC/uart/uart.cpp:55:11: error: 'args' was not declared in this scope
   55 |  va_start(args, fmt);
      |           ^~~~
In file included from <command-line>:
C:/STM32 workspace/STM32 RFM69 SPI TxRx/STM32F051_RFM69_LowPowerLab_ATC/uart/uart.cpp: In member function 'uint8_t Uart::ReceiveByte()':
C:/STM32 workspace/STM32 RFM69 SPI TxRx/STM32F051_RFM69_LowPowerLab_ATC/uart/uart.cpp:162:1: warning: no return statement in function returning non-void [-Wreturn-type]
  162 | }
      | ^
In file included from <command-line>:
C:/STM32 workspace/STM32 RFM69 SPI TxRx/STM32F051_RFM69_LowPowerLab_ATC/spi/SPI.cpp: In member function 'void SPI::SetClockPolarity(ClockPol_t)':
C:/STM32 workspace/STM32 RFM69 SPI TxRx/STM32F051_RFM69_LowPowerLab_ATC/spi/SPI.cpp:150:11: warning: suggest parentheses around assignment used as truth value [-Wparentheses]
  150 |  if (cpol = CPOL1)
      |      ~~~~~^~~~~~~
C:/STM32 workspace/STM32 RFM69 SPI TxRx/STM32F051_RFM69_LowPowerLab_ATC/spi/SPI.cpp:154:11: warning: suggest parentheses around assignment used as truth value [-Wparentheses]
  154 |  if (cpol = CPOL0)
      |      ~~~~~^~~~~~~
C:/STM32 workspace/STM32 RFM69 SPI TxRx/STM32F051_RFM69_LowPowerLab_ATC/spi/SPI.cpp: In member function 'void SPI::SetClockPhase(ClockPhase_t)':
C:/STM32 workspace/STM32 RFM69 SPI TxRx/STM32F051_RFM69_LowPowerLab_ATC/spi/SPI.cpp:163:11: warning: suggest parentheses around assignment used as truth value [-Wparentheses]
  163 |  if (cpha = CPHA1)
      |      ~~~~~^~~~~~~
C:/STM32 workspace/STM32 RFM69 SPI TxRx/STM32F051_RFM69_LowPowerLab_ATC/spi/SPI.cpp:167:11: warning: suggest parentheses around assignment used as truth value [-Wparentheses]
  167 |  if (cpha = CPHA0)
      |      ~~~~~^~~~~~~
In file included from ../Src/main.cpp:27:
C:/STM32 workspace/STM32 RFM69 SPI TxRx/STM32F051_RFM69_LowPowerLab_ATC/RFM69/RFM69.h: At global scope:
C:/STM32 workspace/STM32 RFM69 SPI TxRx/STM32F051_RFM69_LowPowerLab_ATC/RFM69/RFM69.h:46:7: error: redefinition of 'class RFM69'
   46 | class RFM69: public SPI {
      |       ^~~~~
In file included from C:/STM32 workspace/STM32 RFM69 SPI TxRx/STM32F051_RFM69_LowPowerLab_ATC/RFM69/RFM69.cpp:2,
                 from <command-line>:
C:/STM32 workspace/STM32 RFM69 SPI TxRx/STM32F051_RFM69_LowPowerLab_ATC/RFM69/RFM69.h:46:7: note: previous definition of 'class RFM69'
   46 | class RFM69: public SPI {
      |       ^~~~~
../Src/main.cpp:30:19: error: expected initializer before 'uptime_ms'
   30 | volatile uint32_t uptime_ms = 0;
      |                   ^~~~~~~~~
../Src/main.cpp: In function 'void SysTick_Handler()':
../Src/main.cpp:54:2: error: 'uptime_ms' was not declared in this scope
   54 |  uptime_ms++;
      |  ^~~~~~~~~
../Src/main.cpp: In function 'void delay_ms(unsigned int)':
../Src/main.cpp:58:19: error: 'uptime_ms' was not declared in this scope
   58 |  uint32_t start = uptime_ms;
      |                   ^~~~~~~~~
../Src/main.cpp: In function 'uint32_t mstimer_get()':
../Src/main.cpp:68:9: error: 'uptime_ms' was not declared in this scope
   68 |  return uptime_ms;
      |         ^~~~~~~~~
make: *** [Src/subdir.mk:32: Src/main.o] Error 1
"make -j4 all" terminated with exit code 2. Build might be incomplete.

22:09:29 Build Failed. 49 errors, 5 warnings. (took 556ms)

