23:45:35 **** Incremental Build of configuration Debug for project STM32F051_RFM69_ATC ****
make -j4 all 
arm-none-eabi-g++ "../Spi/SPI.cpp" -mcpu=cortex-m0 -std=gnu++14 -g3 -DDEBUG -DSTM32F051R8Hx -DSTM32 -DSTM32F0 -c -I../Inc -I"C:/STM32 workspace/STM32 RFM69 SPI TxRx/STM32F051_RFM69_ATC/Spi" -I"C:/STM32 workspace/STM32 RFM69 SPI TxRx/STM32F051_RFM69_ATC/Gpio" -include"C:/STM32 workspace/STM32 RFM69 SPI TxRx/STM32F051_RFM69_ATC/Gpio/Gpio.cpp" -include"C:/STM32 workspace/STM32 RFM69 SPI TxRx/STM32F051_RFM69_ATC/Spi/SPI.cpp" -O0 -ffunction-sections -fdata-sections -fno-exceptions -fno-rtti -fno-use-cxa-atexit -Wall -fstack-usage -MMD -MP -MF"Spi/SPI.d" -MT"Spi/SPI.o" --specs=nano.specs -mfloat-abi=soft -mthumb -o "Spi/SPI.o"
arm-none-eabi-g++ "../Gpio/Gpio.cpp" -mcpu=cortex-m0 -std=gnu++14 -g3 -DDEBUG -DSTM32F051R8Hx -DSTM32 -DSTM32F0 -c -I../Inc -I"C:/STM32 workspace/STM32 RFM69 SPI TxRx/STM32F051_RFM69_ATC/Spi" -I"C:/STM32 workspace/STM32 RFM69 SPI TxRx/STM32F051_RFM69_ATC/Gpio" -include"C:/STM32 workspace/STM32 RFM69 SPI TxRx/STM32F051_RFM69_ATC/Gpio/Gpio.cpp" -include"C:/STM32 workspace/STM32 RFM69 SPI TxRx/STM32F051_RFM69_ATC/Spi/SPI.cpp" -O0 -ffunction-sections -fdata-sections -fno-exceptions -fno-rtti -fno-use-cxa-atexit -Wall -fstack-usage -MMD -MP -MF"Gpio/Gpio.d" -MT"Gpio/Gpio.o" --specs=nano.specs -mfloat-abi=soft -mthumb -o "Gpio/Gpio.o"
In file included from <command-line>:
C:/STM32 workspace/STM32 RFM69 SPI TxRx/STM32F051_RFM69_ATC/Spi/SPI.cpp: In member function 'void SPI::SetClockPolarity(ClockPol_t)':
C:/STM32 workspace/STM32 RFM69 SPI TxRx/STM32F051_RFM69_ATC/Spi/SPI.cpp:150:11: warning: suggest parentheses around assignment used as truth value [-Wparentheses]
  150 |  if (cpol = CPOL1)
      |      ~~~~~^~~~~~~
C:/STM32 workspace/STM32 RFM69 SPI TxRx/STM32F051_RFM69_ATC/Spi/SPI.cpp:154:11: warning: suggest parentheses around assignment used as truth value [-Wparentheses]
  154 |  if (cpol = CPOL0)
      |      ~~~~~^~~~~~~
C:/STM32 workspace/STM32 RFM69 SPI TxRx/STM32F051_RFM69_ATC/Spi/SPI.cpp: In member function 'void SPI::SetClockPhase(ClockPhase_t)':
C:/STM32 workspace/STM32 RFM69 SPI TxRx/STM32F051_RFM69_ATC/Spi/SPI.cpp:163:11: warning: suggest parentheses around assignment used as truth value [-Wparentheses]
  163 |  if (cpha = CPHA1)
      |      ~~~~~^~~~~~~
C:/STM32 workspace/STM32 RFM69 SPI TxRx/STM32F051_RFM69_ATC/Spi/SPI.cpp:167:11: warning: suggest parentheses around assignment used as truth value [-Wparentheses]
  167 |  if (cpha = CPHA0)
      |      ~~~~~^~~~~~~
../Spi/SPI.cpp: At global scope:
../Spi/SPI.cpp:16:1: error: redefinition of 'SPI::SPI(SPI_TypeDef*, SPI_DataSize_t)'
   16 | SPI::SPI(SPI_TypeDef *Port, SPI_DataSize_t size)
      | ^~~
In file included from <command-line>:
C:/STM32 workspace/STM32 RFM69 SPI TxRx/STM32F051_RFM69_ATC/Spi/SPI.cpp:16:1: note: 'SPI::SPI(SPI_TypeDef*, SPI_DataSize_t)' previously defined here
   16 | SPI::SPI(SPI_TypeDef *Port, SPI_DataSize_t size)
      | ^~~
../Spi/SPI.cpp:44:6: error: redefinition of 'void SPI::Config()'
   44 | void SPI::Config()
      |      ^~~
In file included from <command-line>:
C:/STM32 workspace/STM32 RFM69 SPI TxRx/STM32F051_RFM69_ATC/Spi/SPI.cpp:44:6: note: 'void SPI::Config()' previously defined here
   44 | void SPI::Config()
      |      ^~~
../Spi/SPI.cpp:52:6: error: redefinition of 'void SPI::InitGpio()'
   52 | void SPI::InitGpio(void)
      |      ^~~
In file included from <command-line>:
C:/STM32 workspace/STM32 RFM69 SPI TxRx/STM32F051_RFM69_ATC/Spi/SPI.cpp:52:6: note: 'void SPI::InitGpio()' previously defined here
   52 | void SPI::InitGpio(void)
      |      ^~~
In file included from <command-line>:
C:/STM32 workspace/STM32 RFM69 SPI TxRx/STM32F051_RFM69_ATC/Spi/SPI.cpp: In member function 'void SPI::SetClockPolarity(ClockPol_t)':
C:/STM32 workspace/STM32 RFM69 SPI TxRx/STM32F051_RFM69_ATC/Spi/SPI.cpp:150:11: warning: suggest parentheses around assignment used as truth value [-Wparentheses]
  150 |  if (cpol = CPOL1)
      |      ~~~~~^~~~~~~
../Spi/SPI.cpp:82:6: error: redefinition of 'void SPI::EnableClk()'
   82 | void SPI::EnableClk(void)
      |      ^~~
In file included from <command-line>:
C:/STM32 workspace/STM32 RFM69 SPI TxRx/STM32F051_RFM69_ATC/Spi/SPI.cpp:82:6: note: 'void SPI::EnableClk()' previously defined here
   82 | void SPI::EnableClk(void)
      |      ^~~
C:/STM32 workspace/STM32 RFM69 SPI TxRx/STM32F051_RFM69_ATC/Spi/SPI.cpp:154:11: warning: suggest parentheses around assignment used as truth value [-Wparentheses]
  154 |  if (cpol = CPOL0)
      |      ~~~~~^~~~~~~
../Spi/SPI.cpp:94:6: error: redefinition of 'void SPI::SetFrameSize(SPI_DataSize_t)'
   94 | void SPI::SetFrameSize(SPI_DataSize_t Size)
      |      ^~~
In file included from <command-line>:
C:/STM32 workspace/STM32 RFM69 SPI TxRx/STM32F051_RFM69_ATC/Spi/SPI.cpp:94:6: note: 'void SPI::SetFrameSize(SPI_DataSize_t)' previously defined here
   94 | void SPI::SetFrameSize(SPI_DataSize_t Size)
      |      ^~~
../Spi/SPI.cpp:106:6: error: redefinition of 'void SPI::SetClockPrsc(SetClockPrsc_t)'
  106 | void SPI::SetClockPrsc(SetClockPrsc_t Prescaler)
      |      ^~~
In file included from <command-line>:
C:/STM32 workspace/STM32 RFM69 SPI TxRx/STM32F051_RFM69_ATC/Spi/SPI.cpp:106:6: note: 'void SPI::SetClockPrsc(SetClockPrsc_t)' previously defined here
  106 | void SPI::SetClockPrsc(SetClockPrsc_t Prescaler)
      |      ^~~
C:/STM32 workspace/STM32 RFM69 SPI TxRx/STM32F051_RFM69_ATC/Spi/SPI.cpp: In member function 'void SPI::SetClockPhase(ClockPhase_t)':
C:/STM32 workspace/STM32 RFM69 SPI TxRx/STM32F051_RFM69_ATC/Spi/SPI.cpp:163:11: warning: suggest parentheses around assignment used as truth value [-Wparentheses]
  163 |  if (cpha = CPHA1)
      |      ~~~~~^~~~~~~
../Spi/SPI.cpp:111:6: error: redefinition of 'void SPI::EnableSoftwareSlaveManagment()'
  111 | void SPI::EnableSoftwareSlaveManagment(void)
      |      ^~~
In file included from <command-line>:
C:/STM32 workspace/STM32 RFM69 SPI TxRx/STM32F051_RFM69_ATC/Spi/SPI.cpp:111:6: note: 'void SPI::EnableSoftwareSlaveManagment()' previously defined here
  111 | void SPI::EnableSoftwareSlaveManagment(void)
      |      ^~~
C:/STM32 workspace/STM32 RFM69 SPI TxRx/STM32F051_RFM69_ATC/Spi/SPI.cpp:167:11: warning: suggest parentheses around assignment used as truth value [-Wparentheses]
  167 |  if (cpha = CPHA0)
      |      ~~~~~^~~~~~~
../Spi/SPI.cpp:117:6: error: redefinition of 'void SPI::DisableSoftwareSlaveManagment()'
  117 | void SPI::DisableSoftwareSlaveManagment(void)
      |      ^~~
In file included from <command-line>:
C:/STM32 workspace/STM32 RFM69 SPI TxRx/STM32F051_RFM69_ATC/Spi/SPI.cpp:117:6: note: 'void SPI::DisableSoftwareSlaveManagment()' previously defined here
  117 | void SPI::DisableSoftwareSlaveManagment(void)
      |      ^~~
../Spi/SPI.cpp:122:6: error: redefinition of 'void SPI::EnableMotorollaMode()'
  122 | void SPI::EnableMotorollaMode(void)
      |      ^~~
In file included from <command-line>:
C:/STM32 workspace/STM32 RFM69 SPI TxRx/STM32F051_RFM69_ATC/Spi/SPI.cpp:122:6: note: 'void SPI::EnableMotorollaMode()' previously defined here
  122 | void SPI::EnableMotorollaMode(void)
      |      ^~~
../Gpio/Gpio.cpp: At global scope:
../Gpio/Gpio.cpp:11:1: error: redefinition of 'Gpio::Gpio(GPIO_TypeDef*, uint16_t)'
   11 | Gpio::Gpio(GPIO_TypeDef *PORT, uint16_t gpio_pin) {
      | ^~~~
In file included from <command-line>:
C:/STM32 workspace/STM32 RFM69 SPI TxRx/STM32F051_RFM69_ATC/Gpio/Gpio.cpp:11:1: note: 'Gpio::Gpio(GPIO_TypeDef*, uint16_t)' previously defined here
   11 | Gpio::Gpio(GPIO_TypeDef *PORT, uint16_t gpio_pin) {
      | ^~~~
../Spi/SPI.cpp:127:6: error: redefinition of 'void SPI::nCS_Low()'
  127 | void SPI::nCS_Low(void)
      |      ^~~
In file included from <command-line>:
C:/STM32 workspace/STM32 RFM69 SPI TxRx/STM32F051_RFM69_ATC/Spi/SPI.cpp:127:6: note: 'void SPI::nCS_Low()' previously defined here
  127 | void SPI::nCS_Low(void)
      |      ^~~
../Gpio/Gpio.cpp:18:6: error: redefinition of 'void Gpio::GpioEnableClk()'
   18 | void Gpio::GpioEnableClk() {
      |      ^~~~
../Spi/SPI.cpp:132:6: error: redefinition of 'void SPI::nCS_High()'
  132 | void SPI::nCS_High(void)
      |      ^~~
In file included from <command-line>:
C:/STM32 workspace/STM32 RFM69 SPI TxRx/STM32F051_RFM69_ATC/Gpio/Gpio.cpp:18:6: note: 'void Gpio::GpioEnableClk()' previously defined here
   18 | void Gpio::GpioEnableClk() {
      |      ^~~~
In file included from <command-line>:
C:/STM32 workspace/STM32 RFM69 SPI TxRx/STM32F051_RFM69_ATC/Spi/SPI.cpp:132:6: note: 'void SPI::nCS_High()' previously defined here
  132 | void SPI::nCS_High(void)
      |      ^~~
../Gpio/Gpio.cpp:41:6: error: redefinition of 'void Gpio::GpioSetOutputType(OUTPUT_TYPE_t)'
   41 | void Gpio::GpioSetOutputType(OUTPUT_TYPE_t GpioOutputType) {
      |      ^~~~
../Spi/SPI.cpp:137:6: error: redefinition of 'void SPI::Enable()'
  137 | void SPI::Enable(void)
      |      ^~~
In file included from <command-line>:
C:/STM32 workspace/STM32 RFM69 SPI TxRx/STM32F051_RFM69_ATC/Gpio/Gpio.cpp:41:6: note: 'void Gpio::GpioSetOutputType(OUTPUT_TYPE_t)' previously defined here
   41 | void Gpio::GpioSetOutputType(OUTPUT_TYPE_t GpioOutputType) {
      |      ^~~~
In file included from <command-line>:
C:/STM32 workspace/STM32 RFM69 SPI TxRx/STM32F051_RFM69_ATC/Spi/SPI.cpp:137:6: note: 'void SPI::Enable()' previously defined here
  137 | void SPI::Enable(void)
      |      ^~~
../Gpio/Gpio.cpp:44:6: error: redefinition of 'void Gpio::GpioSetOutputSpeed(OUT_SPEED_t)'
   44 | void Gpio::GpioSetOutputSpeed(OUT_SPEED_t GpioOutputSpeed) {
      |      ^~~~
../Spi/SPI.cpp:142:6: error: redefinition of 'void SPI::Disable()'
  142 | void SPI::Disable(void)
      |      ^~~
In file included from <command-line>:
C:/STM32 workspace/STM32 RFM69 SPI TxRx/STM32F051_RFM69_ATC/Gpio/Gpio.cpp:44:6: note: 'void Gpio::GpioSetOutputSpeed(OUT_SPEED_t)' previously defined here
   44 | void Gpio::GpioSetOutputSpeed(OUT_SPEED_t GpioOutputSpeed) {
      |      ^~~~
In file included from <command-line>:
C:/STM32 workspace/STM32 RFM69 SPI TxRx/STM32F051_RFM69_ATC/Spi/SPI.cpp:142:6: note: 'void SPI::Disable()' previously defined here
  142 | void SPI::Disable(void)
      |      ^~~
../Gpio/Gpio.cpp:48:6: error: redefinition of 'void Gpio::Set()'
   48 | void Gpio::Set(void) {
      |      ^~~~
In file included from <command-line>:
C:/STM32 workspace/STM32 RFM69 SPI TxRx/STM32F051_RFM69_ATC/Gpio/Gpio.cpp:48:6: note: 'void Gpio::Set()' previously defined here
   48 | void Gpio::Set(void) {
      |      ^~~~
../Spi/SPI.cpp:147:6: error: redefinition of 'void SPI::SetClockPolarity(ClockPol_t)'
  147 | void SPI::SetClockPolarity(ClockPol_t cpol)
      |      ^~~
../Gpio/Gpio.cpp:51:6: error: redefinition of 'void Gpio::Reset()'
   51 | void Gpio::Reset(void) {
      |      ^~~~
In file included from <command-line>:
C:/STM32 workspace/STM32 RFM69 SPI TxRx/STM32F051_RFM69_ATC/Spi/SPI.cpp:147:6: note: 'void SPI::SetClockPolarity(ClockPol_t)' previously defined here
  147 | void SPI::SetClockPolarity(ClockPol_t cpol)
      |      ^~~
In file included from <command-line>:
C:/STM32 workspace/STM32 RFM69 SPI TxRx/STM32F051_RFM69_ATC/Gpio/Gpio.cpp:51:6: note: 'void Gpio::Reset()' previously defined here
   51 | void Gpio::Reset(void) {
      |      ^~~~
../Gpio/Gpio.cpp:54:6: error: redefinition of 'void Gpio::Toggle()'
   54 | void Gpio::Toggle(void) {
      |      ^~~~
../Spi/SPI.cpp:161:6: error: redefinition of 'void SPI::SetClockPhase(ClockPhase_t)'
  161 | void SPI::SetClockPhase(ClockPhase_t cpha)
      |      ^~~
In file included from <command-line>:
C:/STM32 workspace/STM32 RFM69 SPI TxRx/STM32F051_RFM69_ATC/Gpio/Gpio.cpp:54:6: note: 'void Gpio::Toggle()' previously defined here
   54 | void Gpio::Toggle(void) {
      |      ^~~~
In file included from <command-line>:
C:/STM32 workspace/STM32 RFM69 SPI TxRx/STM32F051_RFM69_ATC/Spi/SPI.cpp:161:6: note: 'void SPI::SetClockPhase(ClockPhase_t)' previously defined here
  161 | void SPI::SetClockPhase(ClockPhase_t cpha)
      |      ^~~
../Gpio/Gpio.cpp:57:6: error: redefinition of 'void Gpio::SetAsAF(GPIO_AF_t)'
   57 | void Gpio::SetAsAF(GPIO_AF_t AlernateFunction) {
      |      ^~~~
In file included from <command-line>:
C:/STM32 workspace/STM32 RFM69 SPI TxRx/STM32F051_RFM69_ATC/Gpio/Gpio.cpp:57:6: note: 'void Gpio::SetAsAF(GPIO_AF_t)' previously defined here
   57 | void Gpio::SetAsAF(GPIO_AF_t AlernateFunction) {
      |      ^~~~
../Spi/SPI.cpp:174:6: error: redefinition of 'void SPI::SetMsbLsbFirst(MSB_LSB_First_t)'
  174 | void SPI::SetMsbLsbFirst(MSB_LSB_First_t msb_lsb_first)
      |      ^~~
In file included from <command-line>:
C:/STM32 workspace/STM32 RFM69 SPI TxRx/STM32F051_RFM69_ATC/Spi/SPI.cpp:174:6: note: 'void SPI::SetMsbLsbFirst(MSB_LSB_First_t)' previously defined here
  174 | void SPI::SetMsbLsbFirst(MSB_LSB_First_t msb_lsb_first)
      |      ^~~
../Gpio/Gpio.cpp:75:6: error: redefinition of 'void Gpio::SetAsAF(GPIO_AF_t, OUTPUT_TYPE_t)'
   75 | void Gpio::SetAsAF(GPIO_AF_t AlernateFunction, OUTPUT_TYPE_t GpioOutputType) {
      |      ^~~~
In file included from <command-line>:
C:/STM32 workspace/STM32 RFM69 SPI TxRx/STM32F051_RFM69_ATC/Gpio/Gpio.cpp:75:6: note: 'void Gpio::SetAsAF(GPIO_AF_t, OUTPUT_TYPE_t)' previously defined here
   75 | void Gpio::SetAsAF(GPIO_AF_t AlernateFunction, OUTPUT_TYPE_t GpioOutputType) {
      |      ^~~~
../Spi/SPI.cpp:186:9: error: redefinition of 'uint8_t SPI::transfer(uint8_t)'
  186 | uint8_t SPI::transfer(uint8_t data){
      |         ^~~
In file included from <command-line>:
C:/STM32 workspace/STM32 RFM69 SPI TxRx/STM32F051_RFM69_ATC/Spi/SPI.cpp:186:9: note: 'uint8_t SPI::transfer(uint8_t)' previously defined here
  186 | uint8_t SPI::transfer(uint8_t data){
      |         ^~~
../Spi/SPI.cpp:199:6: error: redefinition of 'void SPI::TransmitBlocking(uint8_t)'
  199 | void SPI::TransmitBlocking(uint8_t buffer)
      |      ^~~
In file included from <command-line>:
C:/STM32 workspace/STM32 RFM69 SPI TxRx/STM32F051_RFM69_ATC/Spi/SPI.cpp:199:6: note: 'void SPI::TransmitBlocking(uint8_t)' previously defined here
  199 | void SPI::TransmitBlocking(uint8_t buffer)
      |      ^~~
../Spi/SPI.cpp:217:6: error: redefinition of 'void SPI::ReceiveBlocking(uint16_t*, uint16_t)'
  217 | void SPI::ReceiveBlocking(uint16_t *buffer, uint16_t n)
      |      ^~~
../Gpio/Gpio.cpp:94:6: error: redefinition of 'void Gpio::SetAsGenerapPurporseOutput(OUTPUT_TYPE_t)'
   94 | void Gpio::SetAsGenerapPurporseOutput(OUTPUT_TYPE_t GpioOutputType) {
      |      ^~~~
In file included from <command-line>:
C:/STM32 workspace/STM32 RFM69 SPI TxRx/STM32F051_RFM69_ATC/Spi/SPI.cpp:217:6: note: 'void SPI::ReceiveBlocking(uint16_t*, uint16_t)' previously defined here
  217 | void SPI::ReceiveBlocking(uint16_t *buffer, uint16_t n)
      |      ^~~
In file included from <command-line>:
C:/STM32 workspace/STM32 RFM69 SPI TxRx/STM32F051_RFM69_ATC/Gpio/Gpio.cpp:94:6: note: 'void Gpio::SetAsGenerapPurporseOutput(OUTPUT_TYPE_t)' previously defined here
   94 | void Gpio::SetAsGenerapPurporseOutput(OUTPUT_TYPE_t GpioOutputType) {
      |      ^~~~
../Spi/SPI.cpp:226:9: error: redefinition of 'uint8_t SPI::Receive()'
  226 | uint8_t SPI::Receive(void)
      |         ^~~
In file included from <command-line>:
C:/STM32 workspace/STM32 RFM69 SPI TxRx/STM32F051_RFM69_ATC/Spi/SPI.cpp:226:9: note: 'uint8_t SPI::Receive()' previously defined here
  226 | uint8_t SPI::Receive(void)
      |         ^~~
../Gpio/Gpio.cpp:98:6: error: redefinition of 'void Gpio::SetAsInput(GPIO_PU_PD_t)'
   98 | void Gpio::SetAsInput(GPIO_PU_PD_t GpioPullUp_PullDown) {
      |      ^~~~
In file included from <command-line>:
C:/STM32 workspace/STM32 RFM69 SPI TxRx/STM32F051_RFM69_ATC/Gpio/Gpio.cpp:98:6: note: 'void Gpio::SetAsInput(GPIO_PU_PD_t)' previously defined here
   98 | void Gpio::SetAsInput(GPIO_PU_PD_t GpioPullUp_PullDown) {
      |      ^~~~
../Spi/SPI.cpp:242:6: error: redefinition of 'void SPI::EnableIRQ()'
  242 | void SPI::EnableIRQ(void)
      |      ^~~
In file included from <command-line>:
C:/STM32 workspace/STM32 RFM69 SPI TxRx/STM32F051_RFM69_ATC/Spi/SPI.cpp:242:6: note: 'void SPI::EnableIRQ()' previously defined here
  242 | void SPI::EnableIRQ(void)
      |      ^~~
../Gpio/Gpio.cpp:104:6: error: redefinition of 'void Gpio::Deinit()'
  104 | void Gpio::Deinit(void) {
      |      ^~~~
In file included from <command-line>:
C:/STM32 workspace/STM32 RFM69 SPI TxRx/STM32F051_RFM69_ATC/Gpio/Gpio.cpp:104:6: note: 'void Gpio::Deinit()' previously defined here
  104 | void Gpio::Deinit(void) {
      |      ^~~~
../Spi/SPI.cpp:251:10: error: redefinition of 'uint16_t SPI::TransmitReceive16B(uint16_t)'
  251 | uint16_t SPI::TransmitReceive16B(uint16_t TxData)
      |          ^~~
../Gpio/Gpio.cpp:111:6: error: redefinition of 'bool Gpio::IsSet()'
  111 | bool Gpio::IsSet(void) {
      |      ^~~~
In file included from <command-line>:
C:/STM32 workspace/STM32 RFM69 SPI TxRx/STM32F051_RFM69_ATC/Spi/SPI.cpp:251:10: note: 'uint16_t SPI::TransmitReceive16B(uint16_t)' previously defined here
  251 | uint16_t SPI::TransmitReceive16B(uint16_t TxData)
      |          ^~~
In file included from <command-line>:
C:/STM32 workspace/STM32 RFM69 SPI TxRx/STM32F051_RFM69_ATC/Gpio/Gpio.cpp:111:6: note: 'bool Gpio::IsSet()' previously defined here
  111 | bool Gpio::IsSet(void) {
      |      ^~~~
../Spi/SPI.cpp:263:9: error: redefinition of 'uint8_t SPI::TransmitReceive8B(uint8_t)'
  263 | uint8_t SPI::TransmitReceive8B(uint8_t TxData)
      |         ^~~
In file included from <command-line>:
C:/STM32 workspace/STM32 RFM69 SPI TxRx/STM32F051_RFM69_ATC/Spi/SPI.cpp:263:9: note: 'uint8_t SPI::TransmitReceive8B(uint8_t)' previously defined here
  263 | uint8_t SPI::TransmitReceive8B(uint8_t TxData)
      |         ^~~
make: *** [Gpio/subdir.mk:19: Gpio/Gpio.o] Error 1
make: *** Waiting for unfinished jobs....
make: *** [Spi/subdir.mk:19: Spi/SPI.o] Error 1
"make -j4 all" terminated with exit code 2. Build might be incomplete.

23:45:36 Build Failed. 39 errors, 8 warnings. (took 516ms)

